Q5R654.1	Q5R654.1	100.000	426	0	0	1	426	1	426	0.0	884
Q5R654.1	Q16576.1	99.061	426	3	1	1	426	1	425	0.0	872
Q5R654.1	Q60973.1	98.826	426	4	1	1	426	1	425	0.0	871
Q5R654.1	Q3SWX8.1	98.592	426	5	1	1	426	1	425	0.0	868
Q5R654.1	Q8AVH1.1	93.897	426	25	1	1	426	1	425	0.0	832
Q5R654.1	Q6P315.1	93.662	426	26	1	1	426	1	425	0.0	831
Q5R654.1	Q9I8G9.1	92.723	426	29	2	1	426	1	424	0.0	822
Q5R654.1	Q7ZTY4.1	88.290	427	48	2	1	426	1	426	0.0	787
Q5R654.1	Q09028.3	88.290	427	47	3	1	426	1	425	0.0	781
Q5R654.1	Q5RF92.3	88.056	427	48	3	1	426	1	425	0.0	779
Q5R654.1	Q9W7I5.3	88.056	427	48	3	1	426	1	425	0.0	778
Q5R654.1	Q6INH0.3	87.588	427	50	3	1	426	1	425	0.0	777
Q5R654.1	Q5M7K4.3	87.588	427	50	3	1	426	1	425	0.0	776
Q5R654.1	O93377.3	86.651	427	54	3	1	426	1	425	0.0	769
Q5R654.1	Q6P3H7.3	86.824	425	53	3	1	423	1	424	0.0	766
Q5R654.1	Q24572.1	85.000	420	62	1	3	422	8	426	0.0	758
Q5R654.1	Q24572.1	22.424	165	106	3	122	276	276	428	0.008	42.0
Q5R654.1	Q61Y48.2	70.142	422	118	5	1	422	1	414	0.0	623
Q5R654.1	P90916.2	69.575	424	121	5	1	424	1	416	0.0	615
Q5R654.1	Q54SD4.1	65.291	412	139	3	11	421	8	416	0.0	575
Q5R654.1	O22467.1	66.833	401	130	3	14	413	15	413	0.0	563
Q5R654.1	O22466.1	65.842	404	135	3	11	413	12	413	0.0	555
Q5R654.1	Q10G81.1	65.686	408	136	4	14	420	19	423	0.0	550
Q5R654.1	Q4P553.2	51.264	435	197	5	1	422	1	433	5.34e-162	466
Q5R654.1	P0CS36.1	51.069	421	200	3	7	422	16	435	1.44e-156	452
Q5R654.1	P90917.1	52.369	401	182	6	17	413	11	406	6.48e-150	434
Q5R654.1	Q4WEI5.1	49.640	417	198	6	14	422	23	435	1.72e-147	429
Q5R654.1	Q2UA71.1	49.522	418	199	6	14	423	23	436	7.23e-147	427
Q5R654.1	O22468.1	53.102	403	170	8	16	413	14	402	1.80e-146	426
Q5R654.1	O22469.2	52.000	400	173	8	16	410	15	400	2.58e-143	418
Q5R654.1	O94244.1	49.161	417	196	7	13	422	23	430	1.52e-138	406
Q5R654.1	Q4I7L0.2	47.506	421	207	7	8	422	20	432	3.07e-137	402
Q5R654.1	Q7S7N3.2	45.578	441	217	7	1	422	1	437	9.52e-136	399
Q5R654.1	Q8SRK1.1	38.557	402	226	7	6	406	1	382	3.82e-96	296
Q5R654.1	O14021.1	40.494	405	233	6	12	413	22	421	4.98e-95	295
Q5R654.1	Q6CSI1.1	39.192	421	231	9	8	420	5	408	1.46e-91	285
Q5R654.1	Q6BK34.1	38.702	416	222	9	8	413	13	405	4.71e-91	284
Q5R654.1	Q75C99.1	37.562	402	219	9	11	410	39	410	5.41e-88	276
Q5R654.1	Q6C7Q4.1	37.713	411	237	7	12	412	40	441	3.29e-87	275
Q5R654.1	Q6FXI8.1	36.935	398	231	8	12	408	26	404	1.11e-83	265
Q5R654.1	P39984.1	35.859	396	232	6	16	408	10	386	4.11e-83	263
Q5R654.1	Q59RH5.1	36.235	425	220	9	6	422	1	382	9.74e-78	248
Q5R654.1	O22607.3	32.613	463	248	12	4	422	52	494	5.66e-62	211
Q5R654.1	Q9SU78.2	31.778	450	243	13	12	422	50	474	1.10e-57	199
Q5R654.1	Q9Y825.1	31.941	407	240	12	13	403	17	402	2.07e-53	186
Q5R654.1	P13712.1	30.166	421	245	14	16	408	19	418	2.01e-48	173
Q5R654.1	Q9ZUN8.1	32.000	325	182	10	119	416	155	467	2.48e-35	139
Q5R654.1	Q54ED4.1	29.744	390	239	14	31	396	92	470	4.59e-34	135
Q5R654.1	Q54ED4.1	20.101	199	131	4	219	404	186	369	2.56e-07	56.2
Q5R654.1	Q9P783.1	28.040	403	237	18	28	398	91	472	5.64e-27	115
Q5R654.1	Q810D6.2	31.020	245	149	10	161	394	199	434	7.82e-26	112
Q5R654.1	Q810D6.2	23.669	169	114	4	241	406	183	339	5.50e-06	52.0
Q5R654.1	Q5XI13.1	30.612	245	150	10	161	394	198	433	1.22e-25	111
Q5R654.1	Q5XI13.1	23.669	169	114	4	241	406	182	338	9.27e-07	54.3
Q5R654.1	Q9BQ67.1	29.796	245	152	10	161	394	199	434	1.28e-25	111
Q5R654.1	Q9BQ67.1	25.000	96	61	3	309	404	207	291	0.82	35.4
Q5R654.1	Q1JQD2.1	30.894	246	148	11	161	394	199	434	5.06e-25	109
Q5R654.1	Q1JQD2.1	25.000	96	61	3	309	404	207	291	0.79	35.4
Q5R654.1	Q04225.1	23.762	404	269	15	28	403	115	507	1.01e-18	91.7
Q5R654.1	O75529.1	30.315	254	141	13	172	423	338	557	1.21e-18	91.7
Q5R654.1	Q9XF57.2	30.159	189	118	5	158	346	91	265	4.67e-18	87.8
Q5R654.1	Q9XF57.2	25.568	176	115	3	229	404	63	222	8.35e-11	66.2
Q5R654.1	Q54WA3.1	24.047	341	204	11	73	406	19	311	2.44e-17	85.5
Q5R654.1	Q91WQ5.1	30.159	252	144	12	172	423	338	557	8.12e-17	85.9
Q5R654.1	O00628.1	27.778	216	135	6	135	349	79	274	3.27e-16	82.4
Q5R654.1	O00628.1	25.000	120	76	2	285	404	80	185	2.19e-04	46.6
Q5R654.1	F4KB17.1	29.344	259	153	10	145	403	28	256	8.57e-16	83.2
Q5R654.1	F4KB17.1	23.164	177	76	6	270	404	14	172	3.19e-05	50.1
Q5R654.1	Q15542.3	29.084	251	141	11	172	419	539	755	1.07e-15	82.8
Q5R654.1	Q8W1K8.1	26.587	252	150	10	162	407	20	242	1.25e-15	81.3
Q5R654.1	P97865.1	26.389	216	138	5	135	349	74	269	1.72e-15	80.1
Q5R654.1	P97865.1	26.667	180	122	3	167	346	141	310	2.45e-10	64.7
Q5R654.1	P97865.1	23.684	228	149	7	180	406	66	269	1.80e-09	62.0
Q5R654.1	P97865.1	28.421	190	114	8	172	351	7	184	4.85e-09	60.8
Q5R654.1	Q8C092.1	28.685	251	142	11	172	419	540	756	1.84e-15	82.0
Q5R654.1	Q8R537.1	26.389	216	138	5	135	349	74	269	1.86e-15	80.1
Q5R654.1	Q8R537.1	26.667	180	122	3	167	346	141	310	3.28e-10	64.3
Q5R654.1	Q8R537.1	29.412	187	116	8	172	351	7	184	2.05e-09	62.0
Q5R654.1	Q8R537.1	23.246	228	150	7	180	406	66	269	7.30e-09	60.5
Q5R654.1	Q8H0T9.3	30.769	260	148	11	145	403	28	256	4.02e-15	81.3
Q5R654.1	Q8H0T9.3	24.294	177	74	6	270	404	14	172	6.51e-06	52.0
Q5R654.1	Q8YRI1.1	29.108	213	121	9	192	404	1047	1229	8.02e-15	80.5
Q5R654.1	Q8YRI1.1	29.907	214	120	9	192	405	1173	1356	6.30e-14	77.8
Q5R654.1	Q8YRI1.1	28.037	214	124	8	192	405	921	1104	7.87e-14	77.4
Q5R654.1	Q8YRI1.1	31.056	161	95	7	192	352	1341	1485	3.09e-07	56.6
Q5R654.1	O80990.2	27.490	251	150	9	172	405	114	349	7.40e-14	75.9
Q5R654.1	O80990.2	25.503	149	86	7	268	406	16	149	0.14	37.7
Q5R654.1	Q7ZUV2.1	29.956	227	135	11	167	386	54	263	1.73e-13	75.9
Q5R654.1	Q7ZUV2.1	25.946	185	111	8	222	404	16	176	7.27e-10	64.7
Q5R654.1	P49695.1	27.165	254	116	9	192	405	516	740	2.12e-13	75.5
Q5R654.1	P49695.1	29.775	178	106	9	172	348	581	740	1.21e-07	57.4
Q5R654.1	P49695.1	25.143	175	105	9	248	422	480	628	1.78e-04	47.4
Q5R654.1	P43254.2	25.795	283	178	10	120	402	367	617	6.70e-13	73.9
Q5R654.1	O42248.1	27.000	300	181	13	122	419	14	277	8.49e-13	72.0
Q5R654.1	O42248.1	23.958	192	124	9	218	405	7	180	4.26e-04	45.4
Q5R654.1	P27133.2	29.545	176	104	8	183	346	33	200	9.57e-13	73.2
Q5R654.1	P27133.2	26.126	111	71	5	312	419	75	177	1.4	34.7
Q5R654.1	P27133.2	23.333	120	85	3	184	303	90	202	6.6	32.7
Q5R654.1	Q873A1.1	26.852	216	136	6	190	402	85	281	9.79e-13	73.9
Q5R654.1	Q873A1.1	24.571	175	110	5	133	304	173	328	0.016	41.2
Q5R654.1	Q873A1.1	19.048	231	160	8	122	347	118	326	0.058	39.7
Q5R654.1	Q93134.1	26.280	293	180	12	121	412	13	270	1.93e-12	71.2
Q5R654.1	Q8N136.1	28.910	211	121	8	192	402	107	288	2.19e-12	71.6
Q5R654.1	Q8N136.1	28.511	235	129	11	172	402	173	372	9.94e-09	60.5
Q5R654.1	Q8N136.1	26.794	209	109	7	172	345	215	414	1.92e-08	59.7
Q5R654.1	O24076.1	26.990	289	168	16	135	418	27	277	2.62e-12	70.9
Q5R654.1	Q55AR8.1	23.511	319	186	12	120	404	59	353	2.84e-12	70.9
Q5R654.1	Q9D7H2.1	26.800	250	149	12	157	406	24	239	4.79e-12	70.1
Q5R654.1	Q9D7H2.1	26.609	233	144	10	172	404	77	282	3.75e-09	61.2
Q5R654.1	B4KKN1.1	27.225	191	125	4	159	349	234	410	5.67e-12	70.5
Q5R654.1	B4KKN1.1	22.267	247	158	9	170	402	138	364	0.025	40.4
Q5R654.1	O13923.1	27.322	183	102	6	183	346	34	204	5.75e-12	70.9
Q5R654.1	O13923.1	25.547	137	92	5	276	408	38	168	3.24e-04	46.6
Q5R654.1	O13923.1	21.327	211	140	6	112	312	68	262	0.004	43.1
Q5R654.1	Q54JS5.1	25.571	219	136	8	192	406	86	281	6.04e-12	71.2
Q5R654.1	Q54JS5.1	22.685	216	144	6	138	349	85	281	2.75e-09	62.8
Q5R654.1	Q54JS5.1	22.346	179	122	3	231	405	71	236	2.68e-06	53.5
Q5R654.1	Q3Y8L7.1	26.641	259	147	10	172	403	175	417	7.22e-12	70.5
Q5R654.1	Q3Y8L7.1	26.582	158	93	9	248	404	115	250	3.79e-04	46.2
Q5R654.1	Q0VC24.1	29.545	176	110	6	167	342	248	409	8.39e-12	70.1
Q5R654.1	Q0VC24.1	26.286	175	112	7	220	385	251	417	1.17e-04	47.8
Q5R654.1	Q0VC24.1	23.684	228	130	9	198	402	164	370	0.002	43.9
Q5R654.1	P49026.1	26.510	298	175	16	135	426	28	287	9.39e-12	69.3
Q5R654.1	O13282.1	25.397	252	157	10	170	421	373	593	9.46e-12	70.5
Q5R654.1	Q8NHY2.1	27.149	221	132	7	182	402	476	667	1.16e-11	70.1
Q5R654.1	P93340.1	26.174	298	176	16	135	426	28	287	1.18e-11	68.9
Q5R654.1	Q6DJD8.1	25.188	266	184	8	107	368	16	270	1.22e-11	69.7
Q5R654.1	Q6DJD8.1	23.171	82	56	2	323	404	88	162	0.41	36.6
Q5R654.1	Q6DJD8.1	37.143	35	22	0	372	406	80	114	6.6	32.7
Q5R654.1	Q9GZL7.2	29.545	176	110	6	167	342	248	409	1.28e-11	69.3
Q5R654.1	Q9GZL7.2	26.857	175	111	7	220	385	251	417	1.76e-04	47.0
Q5R654.1	Q9GZL7.2	24.561	228	128	9	198	402	164	370	8.08e-04	45.1
Q5R654.1	Q5REE6.1	29.545	176	110	6	167	342	248	409	1.33e-11	69.3
Q5R654.1	Q5REE6.1	26.857	175	111	7	220	385	251	417	1.76e-04	47.0
Q5R654.1	Q5REE6.1	24.561	228	128	9	198	402	164	370	6.78e-04	45.4
Q5R654.1	P46800.2	26.389	288	171	14	120	404	18	267	1.37e-11	68.6
Q5R654.1	O60907.3	27.957	186	110	8	172	349	325	494	1.38e-11	69.7
Q5R654.1	O60907.3	25.000	244	150	12	172	408	228	445	2.89e-07	56.2
Q5R654.1	O60907.3	26.702	191	114	11	168	349	404	577	1.38e-04	47.8
Q5R654.1	O60907.3	26.590	173	93	8	244	402	204	356	0.29	37.0
Q5R654.1	Q9R1A8.2	26.244	221	134	6	182	402	478	669	1.59e-11	69.7
Q5R654.1	B4MU54.1	26.154	195	130	5	159	353	238	418	2.02e-11	68.9
Q5R654.1	B4MU54.1	21.374	262	142	11	192	402	120	368	0.11	38.1
Q5R654.1	Q8K4P0.1	30.476	210	119	9	194	402	219	402	2.33e-11	69.7
Q5R654.1	Q8K4P0.1	34.783	115	65	4	187	300	297	402	1.98e-06	53.9
Q5R654.1	Q8K4P0.1	19.068	236	159	9	172	405	157	362	0.010	42.0
Q5R654.1	Q8K4P0.1	25.000	92	61	3	172	263	327	410	7.4	32.7
Q5R654.1	Q9JJA4.1	29.545	176	110	6	167	342	248	409	2.53e-11	68.6
Q5R654.1	Q9JJA4.1	25.581	258	146	10	170	402	134	370	5.77e-07	55.1
Q5R654.1	Q4R8H1.1	27.957	186	110	8	172	349	317	486	3.11e-11	68.6
Q5R654.1	Q4R8H1.1	24.590	244	151	12	172	408	220	437	1.21e-06	54.3
Q5R654.1	Q4R8H1.1	26.702	191	114	11	168	349	396	569	1.63e-04	47.4
Q5R654.1	Q4R8H1.1	26.590	173	93	8	244	402	196	348	0.19	37.7
Q5R654.1	Q0P593.1	29.108	213	118	9	192	402	107	288	3.19e-11	68.2
Q5R654.1	Q0P593.1	27.155	232	136	10	172	402	173	372	5.47e-08	58.2
Q5R654.1	Q0P593.1	23.552	259	143	10	122	345	176	414	1.30e-06	53.9
Q5R654.1	Q29KQ0.1	26.738	187	123	5	163	349	238	410	3.21e-11	68.2
Q5R654.1	Q29KQ0.1	24.800	250	148	12	170	402	138	364	0.002	43.5
Q5R654.1	P69103.1	29.054	296	159	18	118	398	1	260	3.25e-11	67.4
Q5R654.1	P69103.1	23.656	186	116	9	224	406	65	227	0.001	44.3
Q5R654.1	Q9C0J8.2	30.476	210	119	9	194	402	219	402	3.28e-11	68.9
Q5R654.1	Q9C0J8.2	34.783	115	65	4	187	300	297	402	2.51e-06	53.5
Q5R654.1	Q9C0J8.2	19.068	236	159	9	172	405	157	362	0.013	41.6
Q5R654.1	Q9C0J8.2	25.000	92	61	3	172	263	327	410	8.4	32.7
Q5R654.1	Q7PS24.3	23.264	288	182	9	137	406	73	339	3.39e-11	67.8
Q5R654.1	B4JPT9.1	25.654	191	128	4	159	349	234	410	3.60e-11	68.2
Q5R654.1	B4JPT9.1	23.200	250	152	10	170	402	138	364	0.003	43.1
Q5R654.1	Q96DI7.1	25.738	237	146	9	168	404	58	264	4.24e-11	67.4
Q5R654.1	Q96DI7.1	23.853	327	161	12	121	398	64	351	6.55e-11	67.0
Q5R654.1	Q96DI7.1	23.333	150	98	5	257	406	51	183	1.50e-05	50.4
Q5R654.1	Q9QXE7.2	27.957	186	110	8	172	349	275	444	4.36e-11	68.2
Q5R654.1	Q9QXE7.2	25.103	243	149	12	172	407	178	394	5.99e-07	55.1
Q5R654.1	Q9QXE7.2	26.178	191	115	11	168	349	354	527	1.58e-04	47.4
Q5R654.1	U4PCM1.2	26.106	226	137	9	192	416	232	428	4.59e-11	68.6
Q5R654.1	U4PCM1.2	27.950	161	99	8	144	300	269	416	9.26e-05	48.5
Q5R654.1	U4PCM1.2	24.286	140	81	8	267	402	170	288	0.60	36.2
Q5R654.1	B7PY76.1	26.816	179	117	6	168	346	259	423	4.68e-11	67.8
Q5R654.1	B7PY76.1	23.207	237	135	10	192	402	165	380	0.21	37.4
Q5R654.1	Q8YTC2.1	27.962	211	122	10	192	402	951	1131	5.34e-11	68.6
Q5R654.1	Q8YTC2.1	27.016	248	136	12	190	408	654	885	2.70e-09	63.2
Q5R654.1	Q8YTC2.1	30.645	186	111	9	163	348	841	1008	1.20e-08	60.8
Q5R654.1	Q8YTC2.1	28.270	237	140	13	117	352	1014	1221	1.35e-07	57.8
Q5R654.1	Q8YTC2.1	27.742	155	97	7	192	346	783	922	3.43e-07	56.2
Q5R654.1	A8WGE3.1	25.000	260	167	7	107	361	21	257	5.60e-11	67.8
Q5R654.1	A8WGE3.1	23.171	82	56	2	323	404	93	167	0.39	36.6
Q5R654.1	A8WGE3.1	37.143	35	22	0	372	406	85	119	6.5	32.7
Q5R654.1	Q2GVT8.1	25.217	230	146	7	180	402	71	281	5.68e-11	68.2
Q5R654.1	Q2GVT8.1	18.696	230	162	8	122	347	118	326	0.14	38.1
Q5R654.1	Q2GVT8.1	23.977	171	108	6	137	304	177	328	0.48	36.6
Q5R654.1	P61480.1	29.545	176	110	6	167	342	248	409	5.71e-11	67.4
Q5R654.1	P61480.1	25.194	258	147	10	170	402	134	370	2.83e-06	52.8
Q5R654.1	P61480.1	25.143	175	114	7	220	385	251	417	0.001	44.3
Q5R654.1	B4GT01.1	26.203	187	124	5	163	349	238	410	6.34e-11	67.4
Q5R654.1	B4GT01.1	24.800	250	148	12	170	402	138	364	0.002	43.9
Q5R654.1	A0A1P8AW69.1	28.962	183	108	8	222	404	11	171	6.34e-11	68.2
Q5R654.1	A0A1P8AW69.1	26.906	223	133	10	182	404	21	213	8.15e-10	64.7
Q5R654.1	A0A1P8AW69.1	25.792	221	111	9	164	345	46	252	2.75e-07	56.6
Q5R654.1	B0XAF3.1	25.946	185	119	8	221	403	9	177	6.47e-11	66.6
Q5R654.1	B0XAF3.1	23.448	290	196	12	121	403	12	282	9.67e-10	63.2
Q5R654.1	B0XAF3.1	22.927	205	135	8	115	304	140	336	0.35	36.6
Q5R654.1	Q2HJH6.1	25.738	237	146	9	168	404	59	265	6.70e-11	67.0
Q5R654.1	Q2HJH6.1	24.096	332	163	13	122	404	66	357	1.42e-10	65.9
Q5R654.1	Q2HJH6.1	23.333	150	98	5	257	406	52	184	2.09e-05	49.7
Q5R654.1	A8X8C6.1	23.830	235	149	10	172	406	75	279	7.00e-11	67.0
Q5R654.1	Q9UQ03.4	24.514	257	172	6	107	361	21	257	7.37e-11	67.4
Q5R654.1	Q9UQ03.4	24.390	82	55	2	323	404	93	167	0.13	38.1
Q5R654.1	Q9UQ03.4	40.000	35	21	0	372	406	85	119	2.4	33.9
Q5R654.1	P63243.3	26.370	292	178	12	122	412	14	269	7.41e-11	66.2
Q5R654.1	F4HTH8.1	27.568	185	108	8	222	404	11	171	7.67e-11	67.8
Q5R654.1	F4HTH8.1	27.184	206	125	10	192	391	73	259	4.35e-08	59.3
Q5R654.1	Q39336.1	27.119	236	142	11	193	426	79	286	7.68e-11	66.2
Q5R654.1	Q6PE01.1	25.738	237	146	9	168	404	59	265	8.41e-11	66.6
Q5R654.1	Q6PE01.1	22.571	319	184	10	122	404	66	357	1.32e-10	65.9
Q5R654.1	Q6PE01.1	23.333	150	98	5	257	406	52	184	1.93e-05	50.1
Q5R654.1	Q4R8E7.1	28.638	213	119	9	192	402	107	288	9.35e-11	66.6
Q5R654.1	Q4R8E7.1	26.761	213	104	8	172	345	215	414	8.77e-09	60.5
Q5R654.1	Q4R8E7.1	27.897	233	133	11	172	402	173	372	1.58e-07	56.6
Q5R654.1	Q39836.1	26.298	289	170	16	135	418	27	277	1.10e-10	65.9
Q5R654.1	Q5BJ90.1	28.571	175	111	6	168	342	249	409	1.13e-10	66.6
Q5R654.1	Q5BJ90.1	31.783	129	78	5	220	346	251	371	1.15e-07	57.0
Q5R654.1	Q5BJ90.1	21.930	228	134	9	198	402	164	370	0.011	41.6
Q5R654.1	B4P116.1	26.768	198	127	6	163	360	239	418	1.16e-10	66.6
Q5R654.1	B4P116.1	23.293	249	153	10	170	402	139	365	0.009	41.6
Q5R654.1	Q6NPN9.1	22.148	298	205	9	116	401	58	340	1.19e-10	65.9
Q5R654.1	Q6NPN9.1	20.737	217	146	7	192	402	84	280	1.1	35.0
Q5R654.1	O24456.2	26.573	286	170	14	135	416	27	276	1.19e-10	65.9
Q5R654.1	Q9VKQ3.1	25.907	193	129	5	163	355	239	417	1.35e-10	66.2
Q5R654.1	Q9VKQ3.1	23.462	260	137	11	192	402	119	365	0.004	42.7
Q5R654.1	Q8BG40.1	28.000	200	121	10	192	384	78	261	1.47e-10	66.6
Q5R654.1	Q8BG40.1	30.088	113	67	4	170	282	141	241	4.77e-04	46.2
Q5R654.1	Q8BG40.1	26.277	137	83	5	268	404	16	134	1.5	34.7
Q5R654.1	Q9BVA0.1	28.000	200	121	10	192	384	78	261	1.50e-10	66.6
Q5R654.1	Q9BVA0.1	30.088	113	67	4	170	282	141	241	4.93e-04	45.8
Q5R654.1	Q9BVA0.1	26.277	137	83	5	268	404	16	134	1.6	34.7
Q5R654.1	B3N534.1	26.768	198	127	6	163	360	239	418	1.55e-10	66.2
Q5R654.1	B3N534.1	23.904	251	149	12	170	402	139	365	0.009	41.6
Q5R654.1	Q8YV57.1	29.258	229	129	13	177	404	1405	1601	1.61e-10	67.0
Q5R654.1	Q8YV57.1	28.169	213	122	9	191	403	1169	1350	2.45e-10	66.2
Q5R654.1	Q8YV57.1	27.273	143	71	7	288	402	1087	1224	3.13e-04	47.0
Q5R654.1	Q8YV57.1	27.039	233	136	13	172	404	1235	1433	0.001	44.7
Q5R654.1	Q8C0P5.1	23.810	273	184	10	107	368	16	275	1.73e-10	66.2
Q5R654.1	Q8C0P5.1	35.135	37	24	0	372	408	80	116	3.3	33.5
Q5R654.1	Q4R571.1	23.810	231	148	5	192	401	151	374	1.81e-10	65.9
Q5R654.1	Q4R571.1	21.635	208	137	6	203	402	67	256	0.004	42.7
Q5R654.1	Q95RJ9.2	28.495	186	109	8	172	349	447	616	1.90e-10	66.2
Q5R654.1	Q95RJ9.2	25.523	239	146	11	172	404	351	563	3.80e-07	55.8
Q5R654.1	Q95RJ9.2	25.131	191	117	8	163	345	482	654	9.19e-07	54.7
Q5R654.1	Q95RJ9.2	26.562	192	115	11	168	350	526	700	5.54e-04	45.8
Q5R654.1	B4HWV6.1	26.768	198	127	6	163	360	239	418	1.91e-10	65.9
Q5R654.1	B4HWV6.1	23.904	251	149	12	170	402	139	365	0.005	42.4
Q5R654.1	Q5RF51.1	23.853	327	161	12	121	398	64	351	1.96e-10	65.5
Q5R654.1	Q5RF51.1	24.895	237	148	9	168	404	58	264	8.68e-10	63.5
Q5R654.1	Q5RF51.1	22.973	148	97	5	257	404	51	181	4.43e-05	48.9
Q5R654.1	P25387.1	27.426	237	135	12	193	424	80	284	2.02e-10	65.1
Q5R654.1	P25387.1	27.039	233	141	11	189	416	29	237	1.91e-08	58.9
Q5R654.1	O42249.1	25.685	292	180	12	122	412	14	269	2.03e-10	65.1
Q5R654.1	O42249.1	23.958	192	124	9	218	405	7	180	7.83e-05	47.8
Q5R654.1	O35828.2	27.907	172	106	7	211	377	526	684	2.25e-10	66.2
Q5R654.1	O35828.2	22.632	190	140	3	182	368	547	732	2.25e-04	47.4
Q5R654.1	O35828.2	30.233	86	55	2	268	349	73	157	4.75e-04	46.2
Q5R654.1	O35828.2	26.882	93	60	2	167	259	582	666	0.11	38.5
Q5R654.1	O35828.2	27.941	136	89	6	170	302	628	757	0.37	37.0
Q5R654.1	O35828.2	27.500	80	51	1	325	404	549	621	1.5	35.0
Q5R654.1	B4Q9T6.1	26.768	198	127	6	163	360	239	418	2.26e-10	65.5
Q5R654.1	B4Q9T6.1	23.904	251	149	12	170	402	139	365	0.007	42.0
Q5R654.1	Q9FLX9.1	26.230	244	159	9	103	345	248	471	2.29e-10	65.9
Q5R654.1	Q9FLX9.1	26.207	145	91	5	167	307	142	274	4.89e-06	52.0
Q5R654.1	Q9FLX9.1	29.412	153	87	8	257	405	94	229	1.76e-04	47.4
Q5R654.1	Q25189.1	25.342	292	182	12	122	412	13	269	2.41e-10	64.7
Q5R654.1	B4P7Q3.1	25.758	198	129	8	221	417	9	189	2.53e-10	65.1
Q5R654.1	B4P7Q3.1	23.684	266	161	8	163	406	90	335	1.18e-06	53.5
Q5R654.1	B4P7Q3.1	22.609	230	163	8	174	398	57	276	1.82e-04	47.0
Q5R654.1	B4P7Q3.1	27.143	70	50	1	138	207	266	334	0.70	35.4
Q5R654.1	Q53HC9.2	23.810	231	148	5	192	401	151	374	2.54e-10	65.1
Q5R654.1	Q53HC9.2	21.154	208	138	5	203	402	67	256	0.001	44.7
Q5R654.1	B5DG67.1	30.114	176	109	6	167	342	248	409	2.59e-10	65.5
Q5R654.1	B5DG67.1	30.709	127	78	6	222	346	253	371	0.001	44.7
Q5R654.1	B5DG67.1	22.807	228	132	8	198	402	164	370	0.019	40.8
Q5R654.1	Q0V8F1.1	26.519	181	114	7	211	380	520	692	2.61e-10	66.2
Q5R654.1	Q0V8F1.1	32.558	86	53	2	268	349	73	157	3.15e-04	46.6
Q5R654.1	Q0V8F1.1	25.373	134	95	5	170	302	622	751	0.24	37.4
Q5R654.1	Q0V8F1.1	26.087	92	60	2	168	259	577	660	0.97	35.4
Q5R654.1	Q0V8F1.1	26.829	82	53	1	323	404	541	615	1.1	35.4
Q5R654.1	Q0V8F1.1	20.526	190	144	3	182	368	541	726	1.3	35.0
Q5R654.1	B3MJV8.1	25.668	187	125	5	163	349	238	410	2.63e-10	65.5
Q5R654.1	B3MJV8.1	24.800	250	148	12	170	402	138	364	0.002	43.5
Q5R654.1	B4LS78.1	26.203	187	124	5	163	349	238	410	2.67e-10	65.5
Q5R654.1	B4LS78.1	23.200	250	152	12	170	402	138	364	0.071	38.9
Q5R654.1	Q8BH44.2	25.871	201	131	5	163	361	73	257	2.87e-10	65.5
Q5R654.1	Q8BH44.2	24.390	82	55	2	323	404	93	167	0.21	37.4
Q5R654.1	Q8BH44.2	37.143	35	22	0	372	406	85	119	6.7	32.7
Q5R654.1	Q58D20.3	32.258	155	91	8	191	345	344	484	3.04e-10	65.5
Q5R654.1	Q58D20.3	24.837	153	88	7	257	402	100	232	0.001	44.7
Q5R654.1	Q8L611.1	23.346	257	174	8	172	423	118	356	3.12e-10	65.9
Q5R654.1	Q8L611.1	26.163	172	97	7	248	404	93	249	0.003	43.5
Q5R654.1	Q6DUZ9.1	24.123	228	151	5	192	401	151	374	3.36e-10	64.7
Q5R654.1	Q6DUZ9.1	20.673	208	139	5	203	402	67	256	0.026	40.0
Q5R654.1	Q9UTC7.1	29.348	184	116	6	163	346	252	421	3.48e-10	65.1
Q5R654.1	Q9UTC7.1	25.850	147	83	5	266	404	208	336	2.4	33.9
Q5R654.1	Q8VEJ4.4	32.258	155	91	8	191	345	343	483	4.06e-10	65.1
Q5R654.1	Q8VEJ4.4	23.320	253	160	9	161	409	184	406	8.14e-05	48.1
Q5R654.1	Q8VEJ4.4	24.444	180	105	8	257	425	99	258	5.98e-04	45.4
Q5R654.1	Q9VAT2.1	42.353	85	45	2	269	353	88	168	4.17e-10	65.1
Q5R654.1	Q38960.1	27.632	228	140	12	181	404	140	346	4.24e-10	64.3
Q5R654.1	Q38960.1	28.440	109	66	3	128	234	227	325	0.053	39.3
Q5R654.1	Q38960.1	21.739	138	99	4	169	305	171	300	3.4	33.5
Q5R654.1	Q8K0G5.2	25.000	228	148	7	192	401	151	373	4.30e-10	64.7
Q5R654.1	Q8K0G5.2	22.115	208	136	5	203	402	67	256	9.61e-05	47.8
Q5R654.1	Q5RE10.1	23.810	231	148	5	192	401	178	401	4.34e-10	64.7
Q5R654.1	Q5RE10.1	20.423	142	95	2	266	402	155	283	0.013	41.2
Q5R654.1	Q9NVX2.4	31.613	155	92	8	191	345	343	483	4.36e-10	64.7
Q5R654.1	Q9NVX2.4	25.989	177	106	8	257	425	99	258	2.04e-04	47.0
Q5R654.1	Q9NVX2.4	23.320	253	160	9	161	409	184	406	5.06e-04	45.8
Q5R654.1	Q5RFF8.3	31.613	155	92	8	191	345	343	483	4.56e-10	64.7
Q5R654.1	Q5RFF8.3	25.989	177	106	8	257	425	99	258	1.82e-04	47.4
Q5R654.1	Q5RFF8.3	22.491	289	150	11	161	404	184	443	7.90e-04	45.1
Q5R654.1	P74442.1	28.351	194	112	9	216	408	550	717	4.72e-10	65.5
Q5R654.1	Q92828.2	24.176	273	183	9	107	368	16	275	4.80e-10	64.7
Q5R654.1	Q92828.2	35.135	37	24	0	372	408	80	116	2.8	33.9
Q5R654.1	Q99LL5.1	25.311	241	137	4	174	378	253	486	5.00e-10	64.7
Q5R654.1	Q99LL5.1	32.051	78	51	2	269	346	252	327	0.020	40.8
Q5R654.1	Q17963.1	23.404	235	150	10	172	406	83	287	5.46e-10	64.3
Q5R654.1	B4QFZ8.1	26.263	198	128	8	221	417	9	189	5.57e-10	63.9
Q5R654.1	B4QFZ8.1	22.330	309	187	11	121	406	57	335	2.54e-06	52.8
Q5R654.1	Q17BB0.1	25.743	202	135	6	154	354	240	427	5.59e-10	64.3
Q5R654.1	Q17BB0.1	25.498	251	150	11	170	402	144	375	4.32e-04	45.8
Q5R654.1	Q2HJ56.1	25.726	241	136	4	174	378	253	486	5.80e-10	64.7
Q5R654.1	Q2HJ56.1	26.776	183	111	6	224	404	253	414	6.84e-09	61.2
Q5R654.1	Q2HJ56.1	32.911	79	51	2	268	346	251	327	0.012	41.6
Q5R654.1	A0DB19.1	27.933	179	106	8	224	402	103	258	5.93e-10	64.3
Q5R654.1	A0DB19.1	25.229	218	136	9	192	402	120	317	5.45e-05	48.5
Q5R654.1	A0DB19.1	25.698	179	102	5	186	348	240	403	0.008	42.0
Q5R654.1	B4GDM7.2	25.275	182	119	7	221	401	9	174	6.10e-10	63.5
Q5R654.1	B4GDM7.2	21.333	300	201	8	121	406	57	335	9.31e-08	57.0
Q5R654.1	A0CH87.1	27.933	179	106	8	224	402	103	258	6.15e-10	64.3
Q5R654.1	A0CH87.1	25.688	218	135	9	192	402	120	317	5.91e-06	51.6
Q5R654.1	A0CH87.1	22.596	208	102	6	192	348	204	403	1.3	34.7
Q5R654.1	Q5ZIU8.2	28.141	199	122	9	192	384	78	261	6.30e-10	64.7
Q5R654.1	Q5ZIU8.2	28.758	153	80	8	172	318	101	230	7.30e-05	48.5
Q5R654.1	Q5ZIU8.2	29.008	131	71	4	163	282	122	241	1.39e-04	47.8
Q5R654.1	Q292E8.1	25.275	182	119	7	221	401	9	174	6.86e-10	63.5
Q5R654.1	Q292E8.1	21.141	298	200	8	121	404	57	333	4.40e-07	55.1
Q5R654.1	Q292E8.1	26.437	87	60	2	124	207	249	334	0.062	38.9
Q5R654.1	Q5PPK9.1	24.229	227	151	5	192	401	151	373	7.37e-10	63.9
Q5R654.1	Q5PPK9.1	20.874	206	141	4	203	402	67	256	7.75e-04	45.1
Q5R654.1	Q17GR9.1	25.105	239	163	9	174	407	58	285	7.95e-10	63.5
Q5R654.1	Q17GR9.1	23.784	185	123	8	221	403	9	177	1.41e-08	59.7
Q5R654.1	Q17GR9.1	22.868	258	166	9	163	403	91	332	1.35e-04	47.4
Q5R654.1	Q8IZU2.2	24.359	234	159	7	175	407	520	736	8.11e-10	64.7
Q5R654.1	Q8IZU2.2	21.405	299	194	10	120	415	390	650	6.70e-07	55.5
Q5R654.1	Q8IZU2.2	22.835	254	161	10	170	416	387	612	4.96e-06	52.8
Q5R654.1	Q8IZU2.2	24.286	140	89	3	122	261	565	687	0.023	40.8
Q5R654.1	Q8IZU2.2	24.762	105	65	2	301	405	67	157	0.36	37.0
Q5R654.1	C7Z6H2.1	29.224	219	115	9	161	352	176	381	8.42e-10	63.9
Q5R654.1	C7Z6H2.1	24.255	235	128	10	121	327	189	401	8.72e-06	51.2
Q5R654.1	C7Z6H2.1	29.412	85	58	2	264	348	96	178	2.25e-05	50.1
Q5R654.1	C7Z6H2.1	22.680	194	124	6	221	407	99	273	0.014	41.2
Q5R654.1	P25382.3	23.954	263	145	10	172	402	274	513	8.85e-10	63.9
Q5R654.1	P25382.3	25.258	194	113	10	247	425	114	290	1.09e-07	57.4
Q5R654.1	A7RHG8.1	29.050	179	113	6	167	345	252	416	8.92e-10	63.5
Q5R654.1	A7RHG8.1	24.597	248	140	10	163	386	178	402	0.007	42.0
Q5R654.1	A7RHG8.1	24.699	332	156	16	137	402	71	374	0.16	37.7
Q5R654.1	Q7K1Y4.1	25.758	198	129	8	221	417	9	189	9.00e-10	63.2
Q5R654.1	Q7K1Y4.1	22.684	313	181	11	121	406	57	335	1.06e-06	53.9
Q5R654.1	Q00808.1	26.236	263	153	11	163	425	914	1135	9.46e-10	64.3
Q5R654.1	Q00808.1	26.087	184	118	9	163	346	1082	1247	8.59e-06	52.0
Q5R654.1	Q4V7Y7.1	26.906	223	141	10	170	386	57	263	9.51e-10	63.9
Q5R654.1	Q4X1Y0.1	25.100	251	158	10	192	426	108	344	9.94e-10	63.9
Q5R654.1	Q4X1Y0.1	24.286	140	71	6	185	300	189	317	0.28	37.0
Q5R654.1	Q5FWQ6.1	26.148	283	165	12	124	402	46	288	1.01e-09	63.5
Q5R654.1	Q5FWQ6.1	25.385	260	139	10	121	345	175	414	1.28e-05	50.8
Q5R654.1	Q9LV28.1	25.424	295	179	15	135	425	27	284	1.02e-09	63.2
Q5R654.1	Q5BK30.1	29.108	213	118	9	192	402	107	288	1.08e-09	63.5
Q5R654.1	Q5BK30.1	29.268	164	98	7	182	345	269	414	2.29e-08	59.3
Q5R654.1	Q5BK30.1	25.000	176	115	7	172	346	130	289	3.20e-05	49.3
Q5R654.1	B4JW81.1	25.824	182	116	7	221	402	9	171	1.11e-09	62.8
Q5R654.1	B4JW81.1	22.259	301	193	10	121	406	57	331	2.35e-07	55.8
Q5R654.1	B4JW81.1	21.845	206	138	8	113	303	133	330	0.026	40.0
Q5R654.1	P49027.1	25.753	299	181	16	132	420	28	295	1.15e-09	62.8
Q5R654.1	P49027.1	23.558	208	135	10	208	404	2	196	0.32	36.6
Q5R654.1	Q6NX08.1	28.977	176	111	6	167	342	247	408	1.15e-09	63.5
Q5R654.1	Q6NX08.1	24.903	257	148	10	170	402	134	369	2.49e-05	49.7
Q5R654.1	Q6NX08.1	31.496	127	77	6	222	346	252	370	3.02e-05	49.7
Q5R654.1	B0W517.2	25.758	198	132	6	154	351	238	420	1.26e-09	63.2
Q5R654.1	B0W517.2	24.901	253	150	11	170	402	141	373	0.016	40.8
Q5R654.1	P49846.1	28.221	163	102	6	191	353	506	653	1.26e-09	63.9
Q5R654.1	Q6P2Y2.1	26.199	271	161	11	136	402	53	288	1.33e-09	63.2
Q5R654.1	Q9C4Z6.1	26.695	236	142	12	193	426	79	285	1.35e-09	62.8
Q5R654.1	Q13216.1	23.636	220	155	6	191	402	58	272	1.38e-09	63.2
Q5R654.1	Q13216.1	26.667	180	110	4	182	348	105	275	1.92e-08	59.3
Q5R654.1	Q13216.1	20.571	175	98	4	271	404	42	216	0.003	43.5
Q5R654.1	Q2TZG4.1	23.904	251	161	10	192	426	201	437	1.42e-09	63.5
Q5R654.1	Q2TZG4.1	25.000	140	70	6	185	300	282	410	0.26	37.4
Q5R654.1	Q32LP9.1	24.364	275	180	11	107	368	16	275	1.49e-09	63.2
Q5R654.1	Q32LP9.1	24.390	82	55	2	323	404	88	162	4.7	33.1
Q5R654.1	Q32LP9.1	35.135	37	24	0	372	408	80	116	5.5	33.1
Q5R654.1	B4HRQ6.1	25.758	198	129	8	221	417	9	189	1.58e-09	62.4
Q5R654.1	B4HRQ6.1	21.753	308	190	10	121	406	57	335	2.71e-06	52.4
Q5R654.1	P57737.2	26.316	171	110	6	211	377	529	687	1.58e-09	63.5
Q5R654.1	P57737.2	35.632	87	49	3	268	349	73	157	1.74e-04	47.4
Q5R654.1	P57737.2	19.912	226	163	5	182	404	550	760	0.12	38.5
Q5R654.1	P57737.2	20.106	189	130	7	118	302	589	760	1.0	35.4
Q5R654.1	P57737.2	26.882	93	60	2	167	259	585	669	5.0	33.1
Q5R654.1	Q8CFD5.2	23.636	220	155	6	191	402	58	272	1.60e-09	62.8
Q5R654.1	Q8CFD5.2	25.253	198	122	5	164	348	91	275	1.19e-07	57.0
Q5R654.1	Q8CFD5.2	23.429	175	93	4	271	404	42	216	1.50e-04	47.4
Q5R654.1	Q7QJ33.3	24.151	265	137	11	190	402	122	374	1.63e-09	62.8
Q5R654.1	Q7QJ33.3	25.654	191	127	7	168	358	253	428	1.95e-09	62.8
Q5R654.1	B3NQR5.1	25.137	183	120	7	221	402	9	175	1.81e-09	62.4
Q5R654.1	B3NQR5.1	22.403	308	188	10	121	406	57	335	1.36e-07	56.6
Q5R654.1	Q9T014.2	25.592	211	137	5	181	391	777	967	1.88e-09	63.5
Q5R654.1	Q9T014.2	29.927	137	68	7	175	303	814	930	0.017	41.2
Q5R654.1	Q9FN19.1	27.397	219	107	10	172	347	361	570	1.89e-09	63.2
Q5R654.1	Q9FN19.1	25.591	254	152	13	167	409	255	482	9.63e-07	54.7
Q5R654.1	Q9FN19.1	26.667	180	107	10	164	334	436	599	0.001	44.7
Q5R654.1	Q13610.1	25.311	241	137	4	174	378	254	487	1.94e-09	62.8
Q5R654.1	Q13610.1	26.776	183	111	6	224	404	254	415	1.42e-08	60.1
Q5R654.1	Q13610.1	31.646	79	52	2	268	346	252	328	0.059	39.3
Q5R654.1	O22212.1	25.974	231	142	9	191	421	353	554	2.67e-09	62.4
Q5R654.1	O22212.1	26.066	211	126	9	192	402	313	493	4.74e-07	55.5
Q5R654.1	O22212.1	23.596	178	109	8	174	345	379	535	2.01e-04	47.0
Q5R654.1	A8QB65.1	26.404	178	119	5	168	345	264	429	3.11e-09	62.0
Q5R654.1	A8QB65.1	20.276	217	114	6	248	407	178	392	3.3	33.5
Q5R654.1	Q6L4F8.1	28.054	221	125	12	193	408	92	283	3.19e-09	61.6
Q5R654.1	Q6L4F8.1	24.500	200	123	9	220	404	11	197	0.005	42.4
Q5R654.1	Q5BIM8.1	24.167	240	160	8	191	413	58	292	3.44e-09	61.6
Q5R654.1	Q5BIM8.1	25.758	198	121	5	164	348	91	275	7.05e-08	57.8
Q5R654.1	Q5M7T1.1	26.415	212	143	8	174	382	59	260	3.45e-09	61.6
Q5R654.1	Q5M7T1.1	25.789	190	115	9	240	426	29	195	7.19e-07	54.3
Q5R654.1	Q5M7T1.1	30.556	144	85	5	172	301	190	332	9.49e-07	53.9
Q5R654.1	Q5AZX0.1	24.701	251	159	10	192	426	170	406	3.86e-09	62.0
Q5R654.1	P38129.1	26.423	246	153	10	116	360	518	736	4.03e-09	62.4
Q5R654.1	Q8NBT0.2	26.891	238	141	11	171	407	56	261	4.13e-09	61.6
Q5R654.1	Q8NBT0.2	29.870	154	93	7	192	345	160	298	3.66e-06	52.4
Q5R654.1	Q8NBT0.2	24.309	181	114	8	222	402	15	172	1.19e-04	47.8
Q5R654.1	Q10281.3	26.991	226	127	12	192	409	31	226	4.28e-09	60.8
Q5R654.1	Q10281.3	23.779	307	189	13	122	425	14	278	1.96e-07	55.8
Q5R654.1	Q10281.3	25.000	144	87	5	268	407	11	137	0.45	36.2
Q5R654.1	Q99KN2.1	26.415	212	143	8	174	382	59	260	4.60e-09	61.2
Q5R654.1	Q99KN2.1	25.789	190	115	9	240	426	29	195	8.60e-07	53.9
Q5R654.1	Q99KN2.1	29.861	144	86	5	172	301	190	332	1.65e-06	53.1
Q5R654.1	B4LJT7.1	25.967	181	115	7	221	401	9	170	4.78e-09	60.8
Q5R654.1	B4LJT7.1	22.848	302	190	12	121	406	57	331	1.03e-07	57.0
Q5R654.1	B4LJT7.1	20.874	206	140	8	113	303	133	330	0.084	38.5
Q5R654.1	B4LJT7.1	22.481	129	95	3	82	207	204	330	1.5	34.7
Q5R654.1	B3MC74.1	24.725	182	120	7	221	401	9	174	5.07e-09	60.8
Q5R654.1	B3MC74.1	21.739	299	199	8	122	406	58	335	1.70e-07	56.2
Q5R654.1	B3MC74.1	23.457	243	161	11	164	403	2	222	8.05e-06	51.2
Q5R654.1	Q6NVM2.1	26.457	223	142	10	170	386	57	263	5.57e-09	61.6
Q5R654.1	Q6CKE8.1	27.230	213	124	11	194	406	140	321	5.70e-09	61.2
Q5R654.1	Q6CKE8.1	31.034	87	57	2	263	349	113	196	0.002	44.3
Q5R654.1	Q920J3.2	24.868	189	126	6	211	385	66	252	6.29e-09	61.2
Q5R654.1	Q920J3.2	22.368	228	162	4	174	389	79	303	2.35e-05	50.1
Q5R654.1	Q920J3.2	26.627	169	99	7	103	259	52	207	2.35e-04	47.0
Q5R654.1	Q920J3.2	25.301	83	55	1	323	405	87	162	0.003	43.5
Q5R654.1	Q920J3.2	37.143	35	22	0	372	406	79	113	4.2	33.1
Q5R654.1	Q54KL5.1	25.738	237	142	12	172	404	84	290	6.30e-09	60.5
Q5R654.1	Q54KL5.1	23.741	139	87	7	266	404	40	159	7.18e-04	45.1
Q5R654.1	B4KTK4.1	25.275	182	117	7	221	402	9	171	6.56e-09	60.5
Q5R654.1	B4KTK4.1	22.185	302	192	11	121	406	57	331	7.75e-07	54.3
Q5R654.1	B4KTK4.1	21.359	206	139	8	113	303	133	330	0.030	39.7
Q5R654.1	B4MY77.1	24.725	182	120	7	221	401	9	174	7.21e-09	60.5
Q5R654.1	B4MY77.1	21.477	298	199	8	121	404	57	333	5.41e-07	54.7
Q5R654.1	B4MY77.1	22.541	244	173	8	174	412	57	289	1.15e-04	47.4
Q5R654.1	O76071.1	25.943	212	144	8	174	382	59	260	7.84e-09	60.5
Q5R654.1	O76071.1	30.769	143	84	5	172	300	190	331	8.15e-07	54.3
Q5R654.1	O76071.1	21.390	187	112	6	240	405	29	201	1.79e-05	50.1
Q5R654.1	Q6QEF8.2	25.874	143	100	3	211	349	66	206	8.96e-09	60.8
Q5R654.1	Q6QEF8.2	23.744	219	137	9	103	306	52	255	5.84e-04	45.4
Q5R654.1	Q6QEF8.2	21.304	230	162	5	174	389	79	303	0.001	44.7
Q5R654.1	Q6QEF8.2	25.301	83	55	1	323	405	87	162	0.002	44.3
Q5R654.1	Q6QEF8.2	40.000	35	21	0	372	406	79	113	1.1	35.0
Q5R654.1	Q2TBP4.1	26.891	238	141	11	171	407	56	261	8.97e-09	60.5
Q5R654.1	Q2TBP4.1	30.519	154	92	7	192	345	160	298	2.81e-06	52.8
Q5R654.1	Q2TBP4.1	25.414	181	112	8	222	402	15	172	1.32e-05	50.4
Q5R654.1	A8IZG4.1	23.504	234	163	10	172	403	12	231	9.04e-09	60.1
Q5R654.1	A8IZG4.1	26.877	253	159	9	172	404	105	351	8.29e-08	57.4
Q5R654.1	A8IZG4.1	23.871	155	91	4	174	303	200	352	0.005	42.4
Q5R654.1	A5DB75.2	24.359	234	147	8	180	402	66	280	9.19e-09	61.2
Q5R654.1	A5DB75.2	24.260	169	109	7	192	352	133	290	0.001	45.1
Q5R654.1	A5DB75.2	21.390	187	117	6	232	404	68	238	0.001	44.7
Q5R654.1	Q3KPT3.1	21.515	330	221	8	107	401	48	374	9.81e-09	60.5
Q5R654.1	Q3KPT3.1	21.935	155	101	3	255	402	115	256	0.002	43.9
Q5R654.1	Q5JTN6.1	26.432	227	140	11	121	346	61	261	9.87e-09	59.7
Q5R654.1	Q5JTN6.1	25.614	285	166	13	121	402	19	260	1.02e-08	59.7
Q5R654.1	Q7ZXK9.1	30.968	155	93	8	191	345	334	474	1.03e-08	60.5
Q5R654.1	Q7ZXK9.1	26.506	166	97	8	268	425	101	249	0.002	43.9
Q5R654.1	Q7ZXK9.1	22.887	284	151	12	161	402	175	432	0.004	43.1
Q5R654.1	Q7ZVL2.1	23.729	177	120	3	231	407	73	234	1.06e-08	60.8
Q5R654.1	Q7ZVL2.1	26.829	164	100	5	192	349	130	279	1.15e-07	57.8
Q5R654.1	Q7ZVL2.1	21.930	228	158	5	117	342	108	317	1.44e-05	50.8
Q5R654.1	P49177.1	25.316	237	157	8	172	405	152	371	1.09e-08	60.1
Q5R654.1	P49177.1	22.353	170	127	3	198	363	128	296	4.91e-04	45.4
Q5R654.1	P49177.1	22.857	210	134	10	224	421	63	256	0.022	40.4
Q5R654.1	Q3TZ89.2	25.424	236	134	8	175	397	120	326	1.15e-08	60.8
Q5R654.1	Q3TZ89.2	26.241	141	83	4	271	404	120	246	1.62e-06	54.3
Q5R654.1	Q3TZ89.2	23.438	128	77	4	137	259	182	293	0.007	42.4
Q5R654.1	P93471.1	25.217	230	155	7	120	349	364	576	1.20e-08	60.5
Q5R654.1	Q9D994.1	27.778	216	128	10	192	407	41	228	1.22e-08	59.3
Q5R654.1	Q9D994.1	24.603	252	156	10	99	346	45	266	1.24e-08	59.3
Q5R654.1	Q9D994.1	27.523	109	68	5	271	372	25	129	0.036	39.7
Q5R654.1	Q86VZ2.1	27.004	237	138	11	172	404	79	284	1.32e-08	59.7
Q5R654.1	A7RWD2.1	24.171	211	137	8	222	425	1	195	1.36e-08	59.7
Q5R654.1	A7RWD2.1	23.950	238	165	9	174	407	48	273	1.18e-07	56.6
Q5R654.1	A7RWD2.1	31.469	143	83	6	172	300	179	320	2.47e-06	52.8
Q5R654.1	Q5RBW3.1	25.731	171	111	6	211	377	529	687	1.59e-08	60.5
Q5R654.1	Q5RBW3.1	35.632	87	49	3	268	349	73	157	1.76e-04	47.4
Q5R654.1	Q5RBW3.1	21.429	168	125	3	182	346	550	713	0.63	36.2
Q5R654.1	Q5RBW3.1	25.581	86	57	1	323	408	550	628	1.2	35.0
Q5R654.1	Q6P0D9.1	22.324	327	187	12	127	403	17	326	1.78e-08	59.3
Q5R654.1	Q6P0D9.1	24.615	195	128	7	115	300	141	325	2.50e-05	49.3
Q5R654.1	Q4V8C4.1	26.141	241	149	11	164	404	71	282	1.79e-08	59.3
Q5R654.1	O89046.1	21.162	241	171	7	158	384	17	252	1.82e-08	59.7
Q5R654.1	O89046.1	29.670	91	53	3	323	410	88	170	3.92e-04	46.2
Q5R654.1	O89046.1	20.221	272	189	6	135	389	44	304	0.003	43.1
Q5R654.1	O89046.1	44.444	36	20	0	372	407	80	115	0.31	37.0
Q5R654.1	Q8H594.1	28.571	175	103	5	174	344	273	429	1.85e-08	59.7
Q5R654.1	Q8H594.1	23.944	213	131	7	172	361	201	405	4.88e-05	48.9
Q5R654.1	Q8H594.1	21.610	236	149	7	191	404	170	391	0.088	38.5
Q5R654.1	O61585.1	24.891	229	142	10	164	392	47	245	1.85e-08	60.1
Q5R654.1	O61585.1	22.162	185	118	8	222	404	12	172	7.12e-08	58.2
Q5R654.1	Q5RE95.1	27.004	237	138	11	172	404	79	284	1.88e-08	59.3
Q5R654.1	Q8JZX3.2	26.471	238	142	11	171	407	56	261	1.92e-08	59.3
Q5R654.1	Q8JZX3.2	29.870	154	93	7	192	345	160	298	3.14e-06	52.8
Q5R654.1	Q8JZX3.2	25.414	181	112	8	222	402	15	172	4.28e-05	48.9
Q5R654.1	Q8SQS4.1	26.667	225	105	8	165	346	311	518	1.93e-08	59.7
Q5R654.1	Q32PJ6.1	25.943	212	144	8	174	382	59	260	1.98e-08	59.3
Q5R654.1	Q32PJ6.1	30.769	143	84	5	172	300	190	331	1.65e-06	53.1
Q5R654.1	Q32PJ6.1	21.925	187	111	7	240	405	29	201	1.40e-04	47.4
Q5R654.1	Q9WUM3.1	20.814	221	164	5	158	372	17	232	2.08e-08	59.7
Q5R654.1	Q9WUM3.1	29.670	91	53	3	323	410	88	170	4.06e-04	46.2
Q5R654.1	Q9WUM3.1	20.072	279	181	7	135	389	44	304	0.008	42.0
Q5R654.1	Q9WUM3.1	44.444	36	20	0	372	407	80	115	0.35	36.6
Q5R654.1	C3XVT5.1	22.481	258	165	9	157	408	97	325	2.18e-08	59.3
Q5R654.1	C3XVT5.1	28.462	130	81	4	174	303	289	406	6.23e-07	54.7
Q5R654.1	C3XVT5.1	24.670	227	129	10	192	403	205	404	1.32e-05	50.4
Q5R654.1	Q2KIG2.1	26.582	237	139	11	172	404	83	288	2.23e-08	58.9
Q5R654.1	Q2KIG2.1	27.848	158	86	7	256	404	20	158	0.003	43.1
Q5R654.1	Q55DA2.1	23.849	239	161	9	172	406	111	332	2.26e-08	58.9
Q5R654.1	Q9WUM4.2	22.872	188	129	6	211	384	65	250	2.29e-08	59.3
Q5R654.1	Q9WUM4.2	25.714	140	83	5	268	401	76	200	4.27e-04	45.8
Q5R654.1	Q9WUM4.2	20.667	300	210	7	107	389	14	302	0.001	44.3
Q5R654.1	Q9WUM4.2	27.711	83	53	1	323	405	86	161	0.004	42.7
Q5R654.1	Q9WUM4.2	44.444	36	20	0	372	407	78	113	0.32	37.0
Q5R654.1	Q9USR0.1	20.866	254	174	8	167	404	33	275	2.31e-08	59.3
Q5R654.1	Q9USR0.1	24.675	77	51	2	332	405	62	134	1.2	35.0
Q5R654.1	Q06440.1	27.083	192	120	7	172	350	77	261	2.34e-08	59.7
Q5R654.1	Q06440.1	25.806	186	109	6	183	347	34	211	9.10e-08	57.8
Q5R654.1	Q06440.1	24.516	155	85	6	267	406	76	213	8.66e-04	45.1
Q5R654.1	Q06440.1	24.490	196	122	9	122	305	80	261	0.87	35.4
Q5R654.1	Q2GT28.1	25.403	248	158	9	168	402	107	340	2.35e-08	59.3
Q5R654.1	Q2GT28.1	26.573	143	93	3	262	404	105	235	4.99e-07	55.1
Q5R654.1	Q2GT28.1	27.624	181	98	7	192	352	221	388	1.27e-05	50.8
Q5R654.1	Q2GT28.1	22.348	264	149	11	121	365	200	426	0.028	40.0
Q5R654.1	P61964.1	26.582	237	139	11	172	404	83	288	2.42e-08	58.9
Q5R654.1	P61964.1	27.848	158	86	7	256	404	20	158	0.003	43.1
Q5R654.1	F6ZT52.1	30.270	185	106	8	190	366	156	325	2.62e-08	59.3
Q5R654.1	F6ZT52.1	24.051	158	105	7	191	348	32	174	7.58e-04	45.1
Q5R654.1	O88879.3	34.328	134	74	7	239	365	669	795	2.65e-08	59.7
Q5R654.1	O88879.3	27.737	137	82	4	268	404	653	772	2.35e-06	53.5
Q5R654.1	O88879.3	23.784	185	115	10	167	346	868	1031	2.5	34.3
Q5R654.1	Q96S15.2	23.563	174	118	3	231	404	79	237	3.03e-08	59.3
Q5R654.1	Q96S15.2	23.729	236	147	9	192	423	136	342	1.77e-07	57.0
Q5R654.1	Q96S15.2	21.053	228	160	5	117	342	114	323	5.52e-05	48.9
Q5R654.1	Q5XJP1.1	22.807	228	154	5	192	401	151	374	3.19e-08	58.9
Q5R654.1	Q5XJP1.1	21.528	144	95	2	266	404	128	258	4.87e-04	45.8
Q5R654.1	Q8CFJ9.1	23.563	174	118	3	231	404	79	237	3.49e-08	59.3
Q5R654.1	Q8CFJ9.1	23.729	236	147	9	192	423	136	342	2.57e-07	56.6
Q5R654.1	Q8CFJ9.1	21.053	228	160	5	117	342	114	323	6.23e-05	48.9
Q5R654.1	C1GB49.1	29.279	222	109	11	185	385	217	411	3.56e-08	58.9
Q5R654.1	C1GB49.1	26.106	226	139	10	192	402	130	342	8.12e-06	51.6
Q5R654.1	C1GB49.1	28.571	140	90	5	266	404	109	239	8.64e-06	51.2
Q5R654.1	C1GB49.1	23.529	238	126	11	121	328	200	411	6.05e-05	48.5
Q5R654.1	O54929.2	27.854	219	129	9	170	375	147	349	3.60e-08	58.5
Q5R654.1	O54929.2	19.540	174	121	6	218	384	107	268	0.099	38.5
Q5R654.1	Q5M786.1	26.609	233	144	11	172	404	83	288	3.60e-08	58.2
Q5R654.1	Q5M786.1	27.848	158	86	7	256	404	20	158	0.002	43.5
Q5R654.1	Q7ZX22.1	22.599	177	122	3	231	407	74	235	3.95e-08	58.9
Q5R654.1	Q7ZX22.1	24.375	160	109	4	192	349	131	280	1.77e-06	53.9
Q5R654.1	Q7ZX22.1	20.175	228	162	5	117	342	109	318	1.15e-04	48.1
Q5R654.1	Q55E54.1	29.452	146	91	6	224	362	74	214	4.02e-08	59.3
Q5R654.1	Q55E54.1	27.103	214	124	8	191	383	91	293	2.61e-05	50.1
Q5R654.1	Q55E54.1	31.429	105	64	3	265	362	69	172	3.22e-05	50.1
Q5R654.1	Q55E54.1	19.444	108	73	2	307	405	57	159	1.3	35.0
Q5R654.1	Q55E54.1	25.532	141	93	4	174	306	559	695	2.6	34.3
Q5R654.1	Q8K450.1	28.931	159	98	7	192	350	417	560	4.28e-08	58.9
Q5R654.1	Q8K450.1	21.560	218	141	10	191	408	374	561	0.030	40.4
Q5R654.1	Q920M5.1	25.175	143	101	3	211	349	66	206	4.43e-08	58.5
Q5R654.1	Q920M5.1	24.658	219	135	9	103	306	52	255	5.69e-05	48.9
Q5R654.1	Q920M5.1	21.739	230	161	5	174	389	79	303	7.20e-04	45.4
Q5R654.1	Q920M5.1	25.301	83	55	1	323	405	87	162	0.003	43.5
Q5R654.1	Q920M5.1	37.143	35	22	0	372	406	79	113	3.8	33.5
Q5R654.1	B0R0D7.1	20.465	215	158	6	165	372	23	231	4.45e-08	58.5
Q5R654.1	B0R0D7.1	18.987	237	163	5	122	348	80	297	0.002	43.9
Q5R654.1	B0R0D7.1	26.506	83	54	1	323	405	87	162	0.002	43.9
Q5R654.1	B0R0D7.1	23.204	181	134	4	174	352	79	256	0.032	40.0
Q5R654.1	B0R0D7.1	44.444	36	20	0	372	407	79	114	0.29	37.0
Q5R654.1	Q12834.2	26.108	203	138	8	172	372	305	497	4.67e-08	58.5
Q5R654.1	Q12834.2	26.582	158	100	7	189	345	194	336	0.002	43.5
Q5R654.1	Q93ZG3.1	25.731	171	113	5	191	351	58	224	4.78e-08	58.5
Q5R654.1	Q93ZG3.1	24.138	116	79	3	189	304	116	222	0.033	40.0
Q5R654.1	Q9ULV4.1	22.340	188	130	6	211	384	65	250	5.17e-08	58.5
Q5R654.1	Q9ULV4.1	26.429	140	82	5	268	401	76	200	9.66e-05	48.1
Q5R654.1	Q9ULV4.1	21.000	300	209	7	107	389	14	302	2.01e-04	47.0
Q5R654.1	Q9ULV4.1	27.711	83	53	1	323	405	86	161	0.004	42.7
Q5R654.1	Q9ULV4.1	44.444	36	20	0	372	407	78	113	0.33	37.0
Q5R654.1	A8PWQ8.1	23.077	364	214	14	89	402	8	355	5.53e-08	57.8
Q5R654.1	Q9DC48.1	23.721	215	134	9	188	399	299	486	5.57e-08	58.5
Q5R654.1	Q9DC48.1	25.781	128	84	4	174	301	330	446	0.026	40.4
Q5R654.1	Q9DC48.1	26.190	84	60	1	263	346	279	360	0.22	37.4
Q5R654.1	Q9DC48.1	24.691	81	55	4	266	346	505	579	2.3	34.3
Q5R654.1	P62883.1	27.465	142	85	6	264	404	57	181	5.98e-08	57.4
Q5R654.1	Q9LPV9.1	25.463	216	142	9	181	394	140	338	6.13e-08	57.8
Q5R654.1	Q9LPV9.1	28.000	75	46	1	134	208	233	299	0.51	36.2
Q5R654.1	Q5H7C0.1	26.108	203	138	8	172	372	305	497	6.47e-08	58.2
Q5R654.1	Q5H7C0.1	26.875	160	97	8	189	345	194	336	0.007	42.0
Q5R654.1	O60508.1	23.721	215	134	9	188	399	299	486	6.52e-08	58.2
Q5R654.1	O60508.1	25.781	128	84	4	174	301	330	446	0.027	40.4
Q5R654.1	O60508.1	26.190	84	60	1	263	346	279	360	0.18	37.7
Q5R654.1	O60508.1	24.691	81	55	4	266	346	505	579	2.2	34.3
Q5R654.1	Q6P1W0.1	26.794	209	126	7	192	398	113	296	6.68e-08	58.2
Q5R654.1	Q6P1W0.1	19.863	292	175	11	164	417	134	404	0.27	37.4
Q5R654.1	O74855.1	24.651	215	137	7	193	402	101	295	6.97e-08	58.2
Q5R654.1	O74855.1	25.547	274	152	11	117	381	87	317	9.83e-08	57.4
Q5R654.1	O74855.1	27.097	155	99	6	191	345	360	500	1.03e-06	54.3
Q5R654.1	O74855.1	24.204	157	91	6	257	404	119	256	6.78e-05	48.5
Q5R654.1	Q1LV15.2	25.431	232	141	10	172	402	130	330	7.07e-08	57.8
Q5R654.1	Q1LV15.2	24.883	213	127	8	192	402	107	288	2.79e-07	55.8
Q5R654.1	O18640.2	25.652	230	142	12	192	416	31	236	7.08e-08	57.4
Q5R654.1	Q9Y297.1	24.681	235	142	12	114	347	333	533	7.30e-08	58.2
Q5R654.1	Q9Y297.1	25.161	155	91	6	248	402	322	451	2.87e-04	46.6
Q5R654.1	Q9Y297.1	26.619	139	80	5	172	304	462	584	0.024	40.4
Q5R654.1	Q9SYX2.1	25.676	222	145	6	182	403	771	972	8.23e-08	58.2
Q5R654.1	Q9SYX2.1	30.303	132	72	7	175	302	807	922	3.6	33.9
Q5R654.1	Q91854.1	23.404	235	145	11	114	347	262	462	8.28e-08	57.8
Q5R654.1	Q91854.1	26.452	155	89	7	248	402	251	380	1.06e-04	48.1
Q5R654.1	Q91854.1	26.619	139	80	5	172	304	391	513	0.017	40.8
Q5R654.1	Q55CT5.1	21.834	229	149	7	189	402	84	297	8.36e-08	58.2
Q5R654.1	Q55CT5.1	21.456	261	166	10	122	356	128	375	0.001	44.7
Q5R654.1	C4Q0P6.1	30.065	153	81	6	163	303	279	417	8.64e-08	57.4
Q5R654.1	C4Q0P6.1	26.667	165	101	7	192	347	221	374	2.61e-07	55.8
Q5R654.1	C4Q0P6.1	26.316	171	97	7	190	346	260	415	6.55e-05	48.5
Q5R654.1	Q9BR76.1	20.179	223	167	5	158	374	17	234	8.76e-08	57.8
Q5R654.1	Q9BR76.1	29.670	91	53	3	323	410	88	170	3.91e-04	46.2
Q5R654.1	Q9BR76.1	20.430	279	180	7	135	389	44	304	0.003	43.5
Q5R654.1	Q9BR76.1	44.444	36	20	0	372	407	80	115	0.33	37.0
Q5R654.1	Q9FE91.1	23.420	269	153	10	166	398	117	368	8.76e-08	57.4
Q5R654.1	Q4X0M4.1	24.017	229	142	8	184	402	79	285	8.77e-08	58.2
Q5R654.1	Q4X0M4.1	21.918	219	145	9	182	389	172	375	0.064	39.3
Q5R654.1	Q5M8I4.1	21.818	330	220	8	107	401	48	374	9.03e-08	57.4
Q5R654.1	Q5M8I4.1	20.290	207	141	4	203	402	67	256	0.002	43.5
Q5R654.1	B5X9P2.1	23.372	261	175	11	127	384	17	255	9.26e-08	57.0
Q5R654.1	B5X9P2.1	25.628	199	128	8	115	304	141	328	9.15e-07	53.9
Q5R654.1	B5X9P2.1	23.858	197	125	9	232	426	22	195	6.16e-06	51.2
Q5R654.1	Q9D2V7.2	25.714	140	97	4	211	346	526	662	9.67e-08	57.8
Q5R654.1	Q9D2V7.2	29.070	86	56	2	268	349	73	157	0.001	44.7
Q5R654.1	Q9D2V7.2	22.105	190	141	3	182	368	547	732	0.002	44.7
Q5R654.1	Q9D2V7.2	28.750	80	50	1	325	404	549	621	0.49	36.6
Q5R654.1	Q9D2V7.2	26.882	93	60	2	167	259	582	666	1.9	34.7
Q5R654.1	D5GBI7.1	27.311	238	123	11	144	352	172	388	9.72e-08	57.4
Q5R654.1	D5GBI7.1	28.788	132	89	3	218	348	111	238	2.00e-05	50.1
Q5R654.1	D5GBI7.1	25.112	223	139	9	192	402	134	340	0.005	42.4
Q5R654.1	D5GBI7.1	23.718	156	87	5	192	327	265	408	0.018	40.8
Q5R654.1	P62882.1	29.464	224	118	14	186	402	162	352	1.01e-07	57.0
Q5R654.1	C0S902.2	28.829	222	110	11	185	385	217	411	1.04e-07	57.4
Q5R654.1	C0S902.2	26.549	226	138	10	192	402	130	342	1.87e-06	53.5
Q5R654.1	C0S902.2	28.571	140	90	5	266	404	109	239	7.77e-06	51.6
Q5R654.1	C0S902.2	22.064	281	157	11	121	363	200	456	6.78e-05	48.5
Q5R654.1	D3BUN1.1	27.848	158	99	6	192	349	119	261	1.14e-07	57.0
Q5R654.1	D3BUN1.1	27.193	114	72	4	189	302	314	416	1.08e-04	47.8
Q5R654.1	D3BUN1.1	23.744	219	116	9	192	405	245	417	0.024	40.4
Q5R654.1	O59894.1	21.790	257	156	6	180	402	64	309	1.15e-07	57.0
Q5R654.1	O59894.1	22.500	280	167	10	168	402	96	370	1.28e-07	57.0
Q5R654.1	P62881.1	29.464	224	118	14	186	402	204	394	1.25e-07	57.0
Q5R654.1	A8XZJ9.2	23.868	243	141	10	192	405	121	348	1.29e-07	57.0
Q5R654.1	Q5RDY7.1	29.018	224	119	14	186	402	162	352	1.29e-07	56.6
Q5R654.1	D1ZEB4.1	25.694	144	92	4	262	405	112	240	1.30e-07	57.0
Q5R654.1	D1ZEB4.1	27.717	184	100	8	189	352	221	391	2.27e-06	53.1
Q5R654.1	D1ZEB4.1	20.444	225	139	7	122	327	208	411	1.96e-04	47.0
Q5R654.1	D1ZEB4.1	26.994	163	106	6	192	353	137	287	0.002	43.9
Q5R654.1	A0A2R8QFQ6.1	24.454	229	142	14	189	415	350	549	1.31e-07	57.4
Q5R654.1	A0A2R8QFQ6.1	25.806	155	90	7	248	402	279	408	3.69e-04	46.2
Q5R654.1	A1DHK2.1	24.359	234	142	9	182	402	74	285	1.33e-07	57.8
Q5R654.1	A1DHK2.1	21.918	219	145	9	182	389	172	375	0.061	39.3
Q5R654.1	Q7RY30.2	26.056	142	90	4	264	405	106	232	1.35e-07	57.0
Q5R654.1	Q7RY30.2	28.261	184	99	8	189	352	213	383	1.12e-06	53.9
Q5R654.1	Q7RY30.2	22.124	226	134	9	122	327	200	403	2.16e-04	47.0
Q5R654.1	Q7RY30.2	26.994	163	106	6	192	353	129	279	0.002	43.9
Q5R654.1	C5MJE8.1	30.275	109	63	2	246	349	139	239	1.37e-07	57.0
Q5R654.1	C5MJE8.1	22.553	235	113	8	122	305	206	422	0.071	38.9
Q5R654.1	C5MJE8.1	27.642	123	60	8	183	300	391	489	1.5	34.7
Q5R654.1	Q6PNB6.1	28.125	224	121	13	186	402	162	352	1.46e-07	56.6
Q5R654.1	P0DPA1.1	32.558	129	69	6	277	402	210	323	1.47e-07	57.0
Q5R654.1	P0DPA1.1	30.833	120	64	5	139	254	261	365	1.82e-04	47.4
Q5R654.1	P0DPA1.1	19.780	182	125	6	227	407	416	577	0.046	39.7
Q5R654.1	P0DPA1.1	25.243	103	64	3	171	269	494	587	0.56	36.2
Q5R654.1	Q9XZ25.1	22.905	179	122	4	226	404	65	227	1.48e-07	57.4
Q5R654.1	Q9XZ25.1	22.642	265	169	9	138	399	80	311	6.25e-06	52.0
Q5R654.1	Q01369.1	24.643	280	173	13	122	399	14	257	1.51e-07	56.2
Q5R654.1	Q01369.1	25.131	191	121	8	219	405	8	180	7.52e-05	47.8
Q5R654.1	Q0V8J1.1	27.315	216	134	8	170	375	149	351	1.51e-07	56.6
Q5R654.1	Q0V8J1.1	20.690	174	119	6	218	384	109	270	0.019	40.8
Q5R654.1	Q8WQ85.2	28.070	114	74	2	268	374	80	192	1.51e-07	57.4
Q5R654.1	Q8WQ85.2	21.788	179	126	6	135	306	96	267	1.76e-04	47.8
Q5R654.1	Q8WQ85.2	26.230	183	116	7	186	354	93	270	0.005	43.1
Q5R654.1	Q10051.2	36.220	127	70	6	187	312	302	418	1.55e-07	57.0
Q5R654.1	Q10051.2	24.153	236	125	11	181	404	216	409	0.002	44.3
Q5R654.1	Q55563.1	26.174	298	169	16	109	402	996	1246	1.61e-07	57.4
Q5R654.1	Q55563.1	29.885	174	102	8	172	343	1297	1452	3.69e-07	56.2
Q5R654.1	Q55563.1	27.064	218	126	11	89	305	1476	1661	1.68e-06	54.3
Q5R654.1	Q55563.1	25.630	238	128	14	172	402	1461	1656	3.54e-04	46.6
Q5R654.1	Q55563.1	23.256	172	96	9	266	409	1049	1212	0.002	44.7
Q5R654.1	Q80ZD0.1	29.018	224	119	14	186	402	162	352	1.61e-07	56.2
Q5R654.1	A0A2R8RWN9.1	25.463	216	131	14	189	402	322	509	1.71e-07	57.0
Q5R654.1	A0A2R8RWN9.1	25.806	155	90	7	248	402	251	380	0.002	43.9
Q5R654.1	A0A2R8RWN9.1	26.429	140	81	5	172	305	391	514	0.008	42.0
Q5R654.1	Q25306.1	26.761	142	86	6	264	404	57	181	1.78e-07	55.8
Q5R654.1	O14775.2	29.018	224	119	14	186	402	204	394	1.85e-07	56.2
Q5R654.1	P0CS54.1	26.263	198	111	7	168	345	299	481	1.88e-07	56.6
Q5R654.1	A1C6X5.1	24.359	234	142	9	182	402	74	285	1.89e-07	57.0
Q5R654.1	Q9UUG8.2	29.730	185	102	10	172	345	384	551	2.00e-07	56.6
Q5R654.1	Q9UUG8.2	25.000	144	84	7	275	414	349	472	7.13e-04	45.4
Q5R654.1	Q23256.1	23.810	294	177	14	111	402	161	409	2.02e-07	56.6
Q5R654.1	B5X212.1	23.372	261	178	11	127	384	17	258	2.03e-07	55.8
Q5R654.1	B5X212.1	26.368	201	127	8	115	304	141	331	7.41e-07	54.3
Q5R654.1	B5X212.1	23.858	197	125	9	232	426	22	195	2.17e-06	52.8
Q5R654.1	B5X212.1	23.320	253	158	12	172	408	101	333	3.51e-05	48.9
Q5R654.1	Q9XS70.1	19.731	223	168	5	158	374	17	234	2.12e-07	56.6
Q5R654.1	Q9XS70.1	30.769	91	52	3	323	410	88	170	8.44e-05	48.1
Q5R654.1	Q9XS70.1	20.789	279	179	7	135	389	44	304	0.001	44.7
Q5R654.1	Q9XS70.1	41.667	36	21	0	372	407	80	115	0.80	35.4
Q5R654.1	Q9V3J8.1	26.160	237	140	11	172	404	110	315	2.33e-07	55.8
Q5R654.1	Q9V3J8.1	28.889	135	77	6	270	404	70	185	0.004	42.7
Q5R654.1	Q8SRB0.1	32.065	184	106	10	172	347	12	184	2.47e-07	55.8
Q5R654.1	Q8SRB0.1	23.392	171	111	7	238	404	30	184	0.15	37.7
Q5R654.1	Q9BQ87.1	25.112	223	105	9	172	346	272	480	2.50e-07	56.2
Q5R654.1	Q9BQ87.1	24.280	243	151	12	172	407	175	391	9.75e-06	51.2
Q5R654.1	Q9BQ87.1	25.926	189	114	11	168	347	351	522	2.43e-04	47.0
Q5R654.1	Q05946.1	25.566	309	181	15	111	402	326	602	2.54e-07	56.6
Q5R654.1	Q05946.1	29.167	96	54	3	256	349	96	179	0.093	38.9
Q5R654.1	O74319.1	28.409	176	110	8	172	347	399	558	2.58e-07	56.2
Q5R654.1	O74319.1	27.179	195	116	10	191	382	459	630	3.19e-07	56.2
Q5R654.1	Q12523.1	25.238	210	129	6	155	347	226	424	2.64e-07	56.2
Q5R654.1	Q12523.1	26.400	125	81	3	109	231	333	448	0.044	39.7
Q5R654.1	Q12523.1	20.635	189	117	5	234	404	251	424	0.34	37.0
Q5R654.1	Q9C827.1	23.223	211	136	6	192	402	72	256	2.64e-07	56.6
Q5R654.1	Q9C827.1	29.375	160	92	7	191	345	113	256	5.72e-07	55.5
Q5R654.1	Q7SZM9.1	25.112	223	105	9	172	346	267	475	2.67e-07	56.2
Q5R654.1	Q7SZM9.1	21.831	284	160	11	172	408	170	438	2.30e-04	47.0
Q5R654.1	Q7SZM9.1	25.112	223	120	11	221	404	169	383	0.001	44.3
Q5R654.1	Q9SRI1.1	27.670	206	117	9	172	353	52	249	2.70e-07	55.5
Q5R654.1	Q5ZJW8.1	20.120	333	153	12	173	417	91	398	2.71e-07	56.2
Q5R654.1	Q5ZJW8.1	25.564	133	80	5	278	407	53	169	0.025	40.4
Q5R654.1	Q5ZJW8.1	24.000	125	88	4	179	303	50	167	0.11	38.5
Q5R654.1	Q5ZJW8.1	33.333	57	38	0	168	224	349	405	1.9	34.7
Q5R654.1	C4YPI7.1	28.972	107	63	2	246	347	140	238	2.76e-07	56.2
Q5R654.1	C4YPI7.1	25.926	135	60	7	172	301	387	486	1.1	35.0
Q5R654.1	C4YPI7.1	19.697	132	97	2	168	299	158	280	4.7	33.1
Q5R654.1	Q6GPC6.1	25.112	223	105	9	172	346	270	478	2.95e-07	56.2
Q5R654.1	Q6GPC6.1	25.417	240	146	12	172	404	173	386	8.31e-07	54.7
Q5R654.1	Q8BHJ5.1	25.000	248	153	12	167	407	160	381	2.97e-07	56.2
Q5R654.1	Q8BHJ5.1	24.664	223	106	9	172	346	262	470	8.53e-07	54.7
Q5R654.1	Q6CP71.1	23.963	217	142	8	192	408	180	373	2.98e-07	55.8
Q5R654.1	Q9BZK7.1	25.000	248	153	12	167	407	160	381	3.08e-07	55.8
Q5R654.1	Q9BZK7.1	24.664	223	106	9	172	346	262	470	7.81e-07	54.7
Q5R654.1	B9WD30.1	28.972	107	63	2	246	347	140	238	3.08e-07	55.8
Q5R654.1	B9WD30.1	25.185	135	64	6	172	301	387	489	0.55	36.2
Q5R654.1	B9WD30.1	44.444	36	19	1	270	305	389	423	1.0	35.4
Q5R654.1	Q9NYS7.1	27.397	219	130	9	170	375	147	349	3.11e-07	55.8
Q5R654.1	Q9NYS7.1	20.115	174	120	6	218	384	107	268	0.044	39.7
Q5R654.1	P35606.2	23.223	211	136	6	192	402	72	256	3.23e-07	56.2
Q5R654.1	P35606.2	24.638	138	92	4	172	308	138	264	0.052	39.7
Q5R654.1	P35606.2	23.158	190	125	8	216	405	5	173	0.16	38.1
Q5R654.1	Q9USN3.3	23.318	223	140	10	192	405	379	579	3.24e-07	56.2
Q5R654.1	Q9USN3.3	27.778	126	85	4	222	346	141	261	2.26e-05	50.4
Q5R654.1	Q9USN3.3	24.638	138	87	4	270	407	101	221	3.23e-05	49.7
Q5R654.1	Q9USN3.3	26.623	154	97	5	192	342	162	302	0.089	38.9
Q5R654.1	Q9LJR3.1	29.282	181	113	5	168	348	576	741	3.36e-07	56.2
Q5R654.1	A4R3M4.3	26.182	275	158	12	110	352	132	393	3.37e-07	55.8
Q5R654.1	A4R3M4.3	31.395	86	57	2	263	348	107	190	2.51e-05	49.7
Q5R654.1	A4R3M4.3	22.751	189	118	7	225	405	115	283	0.007	42.0
Q5R654.1	A4R3M4.3	25.641	195	124	7	167	353	107	288	0.025	40.4
Q5R654.1	A4R3M4.3	23.567	157	90	5	191	327	267	413	0.026	40.4
Q5R654.1	O55029.2	23.223	211	136	6	192	402	72	256	3.40e-07	56.2
Q5R654.1	O55029.2	24.638	138	92	4	172	308	138	264	0.053	39.7
Q5R654.1	O55029.2	23.158	190	125	8	216	405	5	173	0.16	38.1
Q5R654.1	Q5R664.1	23.223	211	136	6	192	402	72	256	3.46e-07	56.2
Q5R654.1	Q5R664.1	24.638	138	92	4	172	308	138	264	0.056	39.7
Q5R654.1	Q5R664.1	23.158	190	125	8	216	405	5	173	0.17	38.1
Q5R654.1	Q4R4I8.1	23.223	211	136	6	192	402	72	256	3.55e-07	56.2
Q5R654.1	Q4R4I8.1	24.638	138	92	4	172	308	138	264	0.060	39.3
Q5R654.1	Q4R4I8.1	23.158	190	125	8	216	405	5	173	0.17	37.7
Q5R654.1	C5FWH1.1	30.645	186	93	9	189	352	222	393	3.75e-07	55.5
Q5R654.1	C5FWH1.1	22.705	207	131	7	218	417	108	292	4.32e-05	49.3
Q5R654.1	C5FWH1.1	27.273	165	100	7	192	348	131	283	0.003	43.5
Q5R654.1	C5FWH1.1	29.070	86	59	2	261	346	105	188	0.005	42.7
Q5R654.1	C5FWH1.1	20.346	231	144	9	120	327	200	413	0.045	39.7
Q5R654.1	O14186.1	28.962	183	110	8	175	349	133	303	3.80e-07	55.8
Q5R654.1	O14186.1	24.865	185	123	8	166	346	77	249	0.001	44.7
Q5R654.1	P35605.3	23.223	211	136	6	192	402	72	256	3.81e-07	56.2
Q5R654.1	P35605.3	24.638	138	92	4	172	308	138	264	0.059	39.3
Q5R654.1	P35605.3	23.158	190	125	8	216	405	5	173	0.17	37.7
Q5R654.1	A8IR43.2	26.708	161	102	5	192	346	288	438	3.90e-07	55.5
Q5R654.1	A8IR43.2	31.818	88	49	4	268	346	148	233	0.075	38.9
Q5R654.1	A8IR43.2	21.901	242	150	9	192	408	169	396	0.26	37.0
Q5R654.1	P90648.1	24.074	216	128	10	137	350	471	652	3.94e-07	55.8
Q5R654.1	P90648.1	24.528	159	100	8	188	345	590	729	0.13	38.1
Q5R654.1	Q8N0X2.2	33.588	131	69	6	179	303	390	508	4.15e-07	55.8
Q5R654.1	Q20636.3	27.103	214	124	12	192	402	184	368	4.32e-07	55.1
Q5R654.1	Q20636.3	23.364	214	140	5	172	385	77	266	9.18e-06	50.8
Q5R654.1	Q8TC44.1	24.887	221	140	9	192	401	159	364	4.35e-07	55.5
Q5R654.1	Q8TC44.1	27.982	218	126	11	190	406	72	259	2.86e-06	52.8
Q5R654.1	Q8TC44.1	23.204	181	116	8	222	402	14	171	0.014	41.2
Q5R654.1	Q75AV4.1	22.120	217	147	6	192	408	178	372	4.38e-07	55.5
Q5R654.1	Q09990.2	24.186	215	135	11	189	402	312	499	4.51e-07	55.8
Q5R654.1	Q09990.2	25.000	160	89	8	248	404	241	372	0.002	44.3
Q5R654.1	Q09990.2	27.536	138	76	6	172	302	381	501	0.016	41.2
Q5R654.1	G4MQX3.1	25.688	218	136	9	192	407	31	224	4.53e-07	54.7
Q5R654.1	G4MQX3.1	24.084	191	123	8	219	405	8	180	4.02e-04	45.8
Q5R654.1	G4MQX3.1	20.664	271	151	10	122	349	14	263	0.48	36.2
Q5R654.1	Q92176.3	22.000	200	141	7	156	349	17	207	4.55e-07	55.5
Q5R654.1	Q92176.3	24.419	86	58	1	323	408	87	165	0.002	43.5
Q5R654.1	Q92176.3	20.423	284	174	9	89	348	43	298	0.004	42.7
Q5R654.1	Q92176.3	38.889	36	22	0	372	407	79	114	4.4	33.1
Q5R654.1	P39108.1	23.105	277	170	10	168	402	96	371	4.56e-07	55.1
Q5R654.1	P39108.1	21.942	278	175	9	180	421	64	335	6.06e-07	54.7
Q5R654.1	F4ICD9.1	22.672	247	163	10	163	404	102	325	4.74e-07	55.8
Q5R654.1	Q5EB92.1	25.000	172	120	7	173	340	281	447	5.02e-07	55.5
Q5R654.1	Q5EB92.1	23.611	144	96	6	215	350	274	411	0.019	40.8
Q5R654.1	Q5EB92.1	24.823	141	89	5	272	404	183	314	3.8	33.5
Q5R654.1	Q9VKK2.3	23.293	249	159	8	169	408	122	347	5.17e-07	55.5
Q5R654.1	Q9CAA0.2	23.223	211	136	6	192	402	72	256	5.19e-07	55.5
Q5R654.1	Q9CAA0.2	29.814	161	90	7	191	345	113	256	7.41e-07	55.1
Q5R654.1	Q9CAA0.2	22.632	190	126	8	216	405	5	173	2.9	33.9
Q5R654.1	Q4RJN5.1	26.452	155	97	7	192	345	123	261	5.22e-07	55.1
Q5R654.1	Q4RJN5.1	30.357	112	66	4	192	303	311	410	6.76e-05	48.5
Q5R654.1	Q4RJN5.1	25.385	130	89	6	219	348	101	222	0.003	43.1
Q5R654.1	Q5SRY7.1	24.537	216	133	13	189	402	330	517	5.25e-07	55.5
Q5R654.1	Q5SRY7.1	26.452	155	89	7	248	402	259	388	3.30e-04	46.6
Q5R654.1	Q5SRY7.1	26.429	140	81	5	172	305	399	522	0.009	42.0
Q5R654.1	Q9UKB1.1	24.537	216	133	13	189	402	330	517	5.43e-07	55.1
Q5R654.1	Q9UKB1.1	25.806	155	90	7	248	402	259	388	3.30e-04	46.6
Q5R654.1	Q9UKB1.1	26.429	140	81	5	172	305	399	522	0.009	42.0
Q5R654.1	B2VWG7.1	27.854	219	116	9	161	352	187	390	5.72e-07	55.1
Q5R654.1	B2VWG7.1	25.000	140	95	4	266	404	109	239	3.12e-05	49.7
Q5R654.1	B2VWG7.1	23.377	231	135	8	121	328	200	411	5.11e-04	45.8
Q5R654.1	B2VWG7.1	25.110	227	140	9	192	402	130	342	0.001	44.7
Q5R654.1	Q9VQ89.2	24.434	221	136	12	175	382	101	303	6.12e-07	55.5
Q5R654.1	Q6S7B0.1	28.342	187	117	9	162	348	405	574	6.25e-07	55.1
Q5R654.1	Q6S7B0.1	29.771	131	79	5	172	302	498	615	5.01e-05	49.3
Q5R654.1	Q6S7B0.1	25.362	138	84	6	267	404	413	531	4.03e-04	46.2
Q5R654.1	Q6S7B0.1	25.806	93	52	4	328	407	362	450	3.1	33.9
Q5R654.1	Q9AUR8.1	24.066	241	139	9	192	401	108	335	6.26e-07	55.5
Q5R654.1	Q9AUR8.1	22.822	241	125	12	192	402	66	275	0.002	44.3
Q5R654.1	Q32LB0.1	25.000	172	120	7	173	340	278	444	6.40e-07	55.1
Q5R654.1	Q32LB0.1	24.306	144	95	6	215	350	271	408	0.006	42.7
Q5R654.1	Q32LB0.1	24.823	141	89	5	272	404	180	311	7.0	32.7
Q5R654.1	C0NRC6.1	27.749	191	105	7	192	361	218	396	6.59e-07	54.7
Q5R654.1	C0NRC6.1	33.333	87	54	3	261	346	105	188	7.09e-06	51.6
Q5R654.1	C0NRC6.1	22.984	248	165	9	168	404	108	340	1.31e-04	47.8
Q5R654.1	C0NRC6.1	21.834	229	136	10	120	327	200	406	0.002	43.9
Q5R654.1	C0NRC6.1	25.000	140	81	6	161	300	339	454	3.3	33.5
Q5R654.1	Q54MZ3.1	26.141	241	141	12	172	406	261	470	6.60e-07	55.1
Q5R654.1	Q0UNA9.1	25.541	231	136	9	191	402	30	243	6.92e-07	54.3
Q5R654.1	Q0UNA9.1	28.182	110	68	5	242	345	182	286	0.033	39.7
Q5R654.1	Q0UNA9.1	30.769	117	69	5	191	303	181	289	0.049	39.3
Q5R654.1	B3S4I5.1	25.478	157	102	6	192	348	122	263	6.92e-07	54.7
Q5R654.1	B3S4I5.1	25.385	130	89	6	219	348	100	221	3.56e-04	46.2
Q5R654.1	B3S4I5.1	29.464	112	67	4	192	303	310	409	5.29e-04	45.4
Q5R654.1	B3S4I5.1	21.705	258	151	11	165	403	182	407	0.070	38.9
Q5R654.1	Q62623.2	25.616	203	139	8	172	372	305	497	7.02e-07	54.7
Q5R654.1	Q62623.2	29.114	158	96	9	189	345	194	336	8.90e-04	45.1
Q5R654.1	O15736.1	26.068	234	137	11	171	401	319	519	7.67e-07	54.7
Q5R654.1	O35142.3	22.749	211	137	6	192	402	72	256	7.71e-07	55.1
Q5R654.1	O35142.3	23.913	138	93	4	172	308	138	264	0.21	37.7
Q5R654.1	O35142.3	23.158	190	125	8	216	405	5	173	0.26	37.4
Q5R654.1	O62621.2	24.171	211	134	6	192	402	72	256	7.80e-07	55.1
Q5R654.1	O62621.2	25.203	123	76	4	288	410	72	178	0.002	43.9
Q5R654.1	O62621.2	26.154	130	84	4	172	300	138	256	0.14	38.1
Q5R654.1	Q8VZS9.1	25.654	191	122	8	171	357	287	461	7.88e-07	54.7
Q5R654.1	Q8VZS9.1	26.050	119	70	6	293	409	269	371	1.5	34.7
Q5R654.1	Q5NVK4.2	19.731	223	168	5	158	374	17	234	8.19e-07	54.7
Q5R654.1	Q5NVK4.2	29.670	91	53	3	323	410	88	170	3.78e-04	46.2
Q5R654.1	Q5NVK4.2	20.430	279	180	7	135	389	44	304	0.004	42.7
Q5R654.1	Q5NVK4.2	44.444	36	20	0	372	407	80	115	0.34	37.0
Q5R654.1	Q922B6.1	30.714	140	83	7	214	353	308	433	8.39e-07	54.7
Q5R654.1	P49178.1	24.409	127	94	1	198	322	129	255	8.54e-07	54.3
Q5R654.1	P49178.1	23.784	185	132	5	135	318	119	295	3.20e-05	49.3
Q5R654.1	P49178.1	22.596	208	137	7	224	421	64	257	2.66e-04	46.6
Q5R654.1	P49178.1	22.131	244	158	8	117	348	151	374	0.003	43.1
Q5R654.1	O17468.2	26.639	244	134	12	172	393	125	345	8.65e-07	55.1
Q5R654.1	O17468.2	26.036	169	104	9	182	335	76	238	0.001	44.7
Q5R654.1	O17468.2	23.333	180	112	6	225	390	69	236	0.002	43.9
Q5R654.1	P91343.1	27.907	172	81	5	168	301	271	437	8.70e-07	54.3
Q5R654.1	P91343.1	20.623	257	161	9	170	405	205	439	1.9	34.3
Q5R654.1	Q2H139.2	26.636	214	125	10	110	304	372	572	8.80e-07	54.7
Q5R654.1	Q2H139.2	22.778	180	112	8	172	349	312	466	0.14	38.1
Q5R654.1	Q3TWF6.1	25.000	172	120	7	173	340	283	449	9.27e-07	54.7
Q5R654.1	Q3TWF6.1	23.288	146	98	6	215	352	276	415	0.025	40.4
Q5R654.1	Q3TWF6.1	24.823	141	89	5	272	404	185	316	4.8	33.1
Q5R654.1	Q9FKT5.1	28.188	149	95	7	173	319	17	155	9.35e-07	53.9
Q5R654.1	Q9FKT5.1	26.554	177	91	5	169	312	59	229	7.38e-06	51.2
Q5R654.1	Q9FKT5.1	33.721	86	55	2	222	306	16	100	0.001	43.9
Q5R654.1	Q9FKT5.1	24.561	114	66	5	312	425	16	109	2.0	34.3
Q5R654.1	Q4ICM0.2	26.606	218	114	9	188	384	219	411	9.43e-07	54.3
Q5R654.1	Q4ICM0.2	30.120	83	56	2	264	346	106	186	7.13e-06	51.6
Q5R654.1	Q4ICM0.2	25.106	235	126	10	121	327	199	411	1.44e-05	50.4
Q5R654.1	Q4ICM0.2	25.926	135	89	4	221	348	109	239	0.006	42.4
Q5R654.1	Q7T0P4.2	29.870	154	93	7	192	345	159	297	9.54e-07	54.3
Q5R654.1	Q7T0P4.2	23.651	241	151	10	116	347	41	257	0.015	41.2
Q5R654.1	Q7T0P4.2	23.204	181	116	8	222	402	14	171	0.087	38.5
Q5R654.1	Q94BM7.1	27.976	168	107	4	181	348	538	691	9.61e-07	54.7
Q5R654.1	Q0J3D9.1	24.481	241	138	9	192	401	108	335	9.66e-07	54.7
Q5R654.1	Q0J3D9.1	22.407	241	126	12	192	402	66	275	0.003	43.5
Q5R654.1	Q54N86.1	29.000	100	62	3	248	347	1043	1133	9.68e-07	54.7
Q5R654.1	Q54N86.1	29.091	110	64	5	193	302	1038	1133	0.003	43.9
Q5R654.1	Q4V7Z1.1	28.649	185	109	8	190	366	156	325	9.89e-07	54.3
Q5R654.1	Q4V7Z1.1	23.729	177	119	8	172	348	14	174	2.13e-04	47.0
Q5R654.1	A4RD35.1	24.324	185	118	6	223	402	118	285	9.91e-07	54.7
Q5R654.1	A4RD35.1	19.141	256	165	12	122	362	120	348	1.6	35.0
Q5R654.1	O64740.1	26.636	214	125	9	172	361	52	257	9.93e-07	53.5
Q5R654.1	O64740.1	24.272	206	127	7	220	406	50	245	2.03e-04	46.6
Q5R654.1	Q8L828.1	22.749	211	137	6	192	402	72	256	9.93e-07	54.7
Q5R654.1	Q8L828.1	28.750	160	93	7	191	345	113	256	1.94e-06	53.9
Q5R654.1	Q8L828.1	22.632	190	126	8	216	405	5	173	0.47	36.6
Q5R654.1	Q6PJI9.2	26.702	191	122	7	167	349	43	223	9.94e-07	54.7
Q5R654.1	Q6PJI9.2	27.922	154	95	5	161	312	92	231	8.29e-05	48.5
Q5R654.1	Q6PJI9.2	20.000	205	139	6	206	402	32	219	0.002	43.9
Q5R654.1	Q5DFU0.1	21.795	234	171	7	174	407	58	279	1.04e-06	53.9
Q5R654.1	Q5DFU0.1	25.362	138	75	6	192	302	212	348	7.7	32.3
Q5R654.1	Q28I85.1	30.519	154	92	7	192	345	159	297	1.04e-06	54.3
Q5R654.1	Q28I85.1	23.502	217	126	9	192	403	117	298	0.002	43.5
Q5R654.1	Q28I85.1	22.652	181	117	8	222	402	14	171	0.40	36.6
Q5R654.1	Q9FUY2.2	24.737	190	111	7	241	405	665	847	1.04e-06	54.7
Q5R654.1	Q9FUY2.2	22.581	217	139	11	191	407	707	894	0.042	40.0
Q5R654.1	Q6PBY0.1	27.650	217	121	12	191	402	209	394	1.05e-06	53.9
Q5R654.1	Q6PBY0.1	26.531	196	116	8	172	357	101	278	3.54e-04	46.2
Q5R654.1	Q6Q0C0.1	30.714	140	83	7	214	353	384	509	1.07e-06	54.3
Q5R654.1	P0CS38.1	28.079	203	117	9	192	371	88	284	1.09e-06	54.7
Q5R654.1	Q4R4J2.3	22.111	199	142	6	156	349	17	207	1.10e-06	54.3
Q5R654.1	Q4R4J2.3	25.301	83	55	1	323	405	87	162	0.004	42.7
Q5R654.1	Q4R4J2.3	20.070	284	175	10	89	348	43	298	0.80	35.4
Q5R654.1	Q4R4J2.3	38.889	36	22	0	372	407	79	114	2.6	33.9
Q5R654.1	O13286.1	26.738	187	121	8	172	356	370	542	1.13e-06	54.3
Q5R654.1	O13286.1	25.658	152	89	7	253	402	317	446	8.86e-05	48.1
Q5R654.1	D3TLL6.1	25.478	157	101	7	192	347	123	264	1.14e-06	53.9
Q5R654.1	D3TLL6.1	23.707	232	129	11	191	403	207	409	3.18e-05	49.3
Q5R654.1	D3TLL6.1	26.250	160	85	7	163	303	266	411	8.08e-04	45.1
Q5R654.1	Q9LF27.1	26.797	153	100	4	192	344	286	426	1.17e-06	53.9
Q5R654.1	Q9LF27.1	22.186	311	185	13	102	404	127	388	0.57	35.8
Q5R654.1	Q7SYD5.1	23.320	253	152	8	181	421	127	349	1.20e-06	54.7
Q5R654.1	Q7SYD5.1	25.180	139	87	3	269	404	119	243	3.00e-05	50.1
Q5R654.1	Q7SYD5.1	22.222	126	73	4	137	255	182	289	0.085	38.9
Q5R654.1	A1CUD6.1	28.873	142	91	5	264	404	107	239	1.23e-06	53.9
Q5R654.1	A1CUD6.1	27.957	186	98	9	185	349	217	387	3.12e-05	49.7
Q5R654.1	A1CUD6.1	23.554	242	119	10	121	327	200	410	4.43e-05	48.9
Q5R654.1	A1CUD6.1	27.879	165	99	7	192	348	130	282	8.69e-04	45.1
Q5R654.1	Q21215.3	24.667	300	185	15	110	406	8	269	1.32e-06	53.5
Q5R654.1	Q54YD8.1	23.223	211	136	6	192	402	73	257	1.41e-06	54.3
Q5R654.1	Q54YD8.1	26.812	138	89	4	172	308	139	265	8.84e-04	45.4
Q5R654.1	Q54YD8.1	23.932	117	73	5	288	404	73	173	0.65	36.2
Q5R654.1	Q2UF60.2	24.569	232	144	9	182	402	74	285	1.43e-06	54.3
Q5R654.1	Q2UF60.2	21.364	220	148	8	196	404	38	243	0.011	42.0
Q5R654.1	Q2UF60.2	21.918	219	145	9	182	389	172	375	0.46	36.6
Q5R654.1	Q5S580.1	26.263	198	125	6	225	417	119	300	1.43e-06	54.3
Q5R654.1	Q5S580.1	22.368	228	153	11	122	344	119	327	0.094	38.9
Q5R654.1	B3NPW0.1	26.875	160	99	8	188	345	119	262	1.54e-06	53.5
Q5R654.1	B3NPW0.1	27.869	122	71	5	187	303	302	411	0.001	44.7
Q5R654.1	B3NPW0.1	26.415	106	71	4	241	346	311	409	0.51	36.2
Q5R654.1	B7QKS1.1	25.523	239	150	11	172	404	98	314	1.55e-06	53.1
Q5R654.1	B7QKS1.1	24.022	179	119	8	224	401	11	173	6.01e-06	51.2
Q5R654.1	B7QKS1.1	28.431	102	59	5	308	409	5	92	2.2	33.9
Q5R654.1	Q3MHE2.1	27.374	179	113	9	168	345	314	476	1.60e-06	53.9
Q5R654.1	Q93847.1	24.017	229	143	11	174	402	105	302	1.68e-06	53.5
Q5R654.1	Q17N69.2	26.623	154	99	6	192	345	121	260	1.71e-06	53.5
Q5R654.1	Q17N69.2	27.273	176	95	7	191	347	205	366	1.62e-05	50.4
Q5R654.1	Q17N69.2	28.947	114	65	5	192	303	310	409	0.001	44.3
Q5R654.1	Q17N69.2	27.517	149	76	7	187	315	242	378	0.63	35.8
Q5R654.1	Q6FJS0.1	25.000	224	141	8	186	408	175	372	1.72e-06	53.5
Q5R654.1	A7EKM8.1	28.649	185	96	8	189	352	221	390	1.73e-06	53.5
Q5R654.1	A7EKM8.1	26.207	145	97	4	262	405	105	240	2.25e-05	50.1
Q5R654.1	A7EKM8.1	23.894	226	144	8	192	402	130	342	6.97e-04	45.4
Q5R654.1	O89053.5	22.111	199	142	6	156	349	17	207	1.75e-06	53.5
Q5R654.1	O89053.5	21.053	285	171	11	89	348	43	298	0.002	44.3
Q5R654.1	O89053.5	25.301	83	55	1	323	405	87	162	0.005	42.4
Q5R654.1	O89053.5	23.077	195	130	6	174	358	79	263	0.034	40.0
Q5R654.1	O89053.5	38.889	36	22	0	372	407	79	114	2.6	33.9
Q5R654.1	Q803D2.3	26.452	155	97	7	192	345	123	261	1.80e-06	53.5
Q5R654.1	Q803D2.3	33.036	112	63	4	192	303	311	410	7.02e-06	51.6
Q5R654.1	Q803D2.3	25.714	175	97	7	191	346	206	366	0.001	44.3
Q5R654.1	Q803D2.3	25.333	150	80	7	187	316	243	380	3.2	33.5
Q5R654.1	B3RQN1.2	24.581	179	121	5	168	345	259	424	1.83e-06	53.5
Q5R654.1	B3RQN1.2	19.847	262	166	8	172	408	146	388	0.003	43.5
Q5R654.1	B3RQN1.2	25.000	192	103	10	192	355	124	302	4.4	33.1
Q5R654.1	B3RQN1.2	26.190	126	76	7	279	402	116	226	9.8	32.0
Q5R654.1	Q5VQ78.1	29.375	160	92	7	191	345	113	256	1.89e-06	53.9
Q5R654.1	Q5VQ78.1	23.223	211	136	6	192	402	72	256	3.99e-06	52.8
Q5R654.1	Q5VQ78.1	22.632	190	126	8	216	405	5	173	8.3	32.3
Q5R654.1	P93563.1	30.075	133	88	3	172	304	152	279	1.90e-06	53.1
Q5R654.1	P93563.1	23.113	212	137	9	221	421	60	256	1.06e-04	47.8
Q5R654.1	P93563.1	22.835	127	96	1	198	322	128	254	0.004	42.7
Q5R654.1	P93563.1	22.845	232	155	10	121	345	154	368	0.17	37.7
Q5R654.1	P93563.1	28.814	59	39	2	346	402	35	92	9.5	32.0
Q5R654.1	Q9EPV5.1	27.737	137	82	4	268	404	653	772	1.96e-06	53.9
Q5R654.1	Q9EPV5.1	22.925	253	151	12	170	408	651	873	0.12	38.5
Q5R654.1	Q9VPR4.2	29.221	154	94	8	192	345	348	486	1.97e-06	53.5
Q5R654.1	Q9VPR4.2	25.616	203	127	10	150	345	92	277	6.98e-05	48.5
Q5R654.1	Q00664.1	23.265	245	142	8	161	385	186	404	1.98e-06	53.1
Q5R654.1	Q00664.1	30.851	94	61	3	258	349	98	189	0.006	42.4
Q5R654.1	Q00664.1	27.132	129	88	4	221	348	109	232	0.042	39.7
Q5R654.1	Q00664.1	19.375	160	97	5	192	331	260	407	0.96	35.4
Q5R654.1	Q28DW0.1	25.118	211	145	7	174	383	59	257	2.02e-06	52.8
Q5R654.1	Q28DW0.1	29.496	139	87	5	172	300	190	327	2.64e-05	49.3
Q5R654.1	Q28DW0.1	21.390	187	112	6	240	405	29	201	0.071	38.5
Q5R654.1	B3MEY6.1	26.415	159	101	7	188	345	119	262	2.04e-06	53.1
Q5R654.1	B3MEY6.1	29.032	124	67	6	187	303	302	411	6.05e-04	45.4
Q5R654.1	B3MEY6.1	26.415	106	71	4	241	346	311	409	0.15	37.7
Q5R654.1	Q9AUR7.1	23.651	241	140	9	192	401	108	335	2.22e-06	53.5
Q5R654.1	Q9AUR7.1	23.109	238	128	12	192	402	66	275	0.001	45.4
Q5R654.1	Q91ZN1.3	22.111	199	142	6	156	349	17	207	2.24e-06	53.1
Q5R654.1	Q91ZN1.3	21.053	285	171	11	89	348	43	298	0.002	43.5
Q5R654.1	Q91ZN1.3	25.301	83	55	1	323	405	87	162	0.007	42.0
Q5R654.1	Q91ZN1.3	22.396	192	135	5	174	358	79	263	0.030	40.0
Q5R654.1	Q91ZN1.3	38.889	36	22	0	372	407	79	114	2.8	33.9
Q5R654.1	Q8I0F4.1	24.051	158	105	6	192	349	121	263	2.27e-06	53.1
Q5R654.1	Q8I0F4.1	29.915	117	65	5	190	303	317	419	1.36e-05	50.4
Q5R654.1	Q8I0F4.1	22.936	218	117	9	192	404	247	418	0.024	40.4
Q5R654.1	O48847.1	26.471	170	97	7	240	404	479	625	2.29e-06	53.5
Q5R654.1	O48847.1	22.917	192	112	9	241	405	524	706	0.003	43.5
Q5R654.1	O14727.2	31.356	118	74	5	239	355	669	780	2.35e-06	53.5
Q5R654.1	O14727.2	25.926	135	83	4	268	402	653	770	7.37e-05	48.9
Q5R654.1	O14727.2	30.935	139	76	7	172	307	1040	1161	0.023	40.8
Q5R654.1	O14727.2	20.724	304	189	14	117	420	834	1085	0.040	40.0
Q5R654.1	B4LQ21.1	26.875	160	99	8	188	345	119	262	2.35e-06	53.1
Q5R654.1	B4LQ21.1	27.869	122	71	5	187	303	302	411	8.98e-04	44.7
Q5R654.1	B4LQ21.1	26.415	106	71	4	241	346	311	409	0.12	38.1
Q5R654.1	B8M0Q1.1	25.581	215	115	7	192	385	218	408	2.46e-06	53.1
Q5R654.1	B8M0Q1.1	21.552	232	136	10	120	328	200	408	0.024	40.4
Q5R654.1	B8M0Q1.1	23.030	165	113	6	192	355	131	282	0.15	37.7
Q5R654.1	B8M0Q1.1	23.881	134	95	5	216	348	106	233	0.44	36.6
Q5R654.1	Q5RHI5.1	20.608	296	130	10	192	404	112	385	2.47e-06	53.1
Q5R654.1	Q5RHI5.1	26.829	123	82	5	241	359	281	399	0.024	40.4
Q5R654.1	G0SC29.2	30.769	156	93	8	191	345	374	515	2.50e-06	53.1
Q5R654.1	G0SC29.2	27.397	146	85	6	262	402	136	265	1.03e-04	48.1
Q5R654.1	G0SC29.2	25.543	184	118	7	171	349	141	310	3.71e-04	46.2
Q5R654.1	B4KT48.1	27.215	158	97	8	190	345	121	262	2.55e-06	52.8
Q5R654.1	B4KT48.1	26.415	106	71	4	241	346	311	409	0.31	37.0
Q5R654.1	P38011.4	24.686	239	150	11	172	405	13	226	2.58e-06	52.4
Q5R654.1	P20053.1	30.827	133	84	6	222	354	261	385	2.59e-06	53.1
Q5R654.1	P0CS42.1	29.299	157	97	6	192	348	120	262	2.61e-06	52.8
Q5R654.1	P0CS42.1	28.346	127	84	5	222	348	101	220	1.51e-04	47.4
Q5R654.1	P0CS42.1	26.203	187	88	8	192	348	205	371	0.001	44.3
Q5R654.1	P0CS42.1	25.000	140	87	7	266	405	99	220	0.037	39.7
Q5R654.1	P0CS42.1	22.222	198	97	9	192	345	247	431	0.47	36.2
Q5R654.1	P0CS42.1	22.881	236	125	9	82	300	236	431	2.4	33.9
Q5R654.1	Q9SZQ5.1	25.381	197	123	8	156	348	145	321	2.65e-06	52.4
Q5R654.1	Q9SZQ5.1	25.688	218	123	8	192	397	33	223	0.005	42.4
Q5R654.1	Q9SZQ5.1	28.000	125	80	4	262	379	190	311	0.041	39.3
Q5R654.1	Q6NLV4.1	22.881	236	152	9	167	402	156	361	2.69e-06	53.1
Q5R654.1	Q6NLV4.1	29.457	129	80	4	172	300	287	404	1.57e-05	50.8
Q5R654.1	Q6NLV4.1	24.242	198	126	7	148	345	231	404	2.45e-04	47.0
Q5R654.1	B6HP56.1	29.570	186	95	9	185	349	217	387	2.75e-06	52.8
Q5R654.1	B6HP56.1	33.333	81	52	2	266	346	109	187	2.33e-05	50.1
Q5R654.1	B6HP56.1	25.541	231	144	10	192	407	130	347	1.25e-04	47.8
Q5R654.1	C5GVJ9.1	28.704	216	112	10	161	349	187	387	2.79e-06	52.8
Q5R654.1	C5GVJ9.1	29.016	193	115	10	171	355	110	288	7.26e-06	51.6
Q5R654.1	C5GVJ9.1	28.571	140	90	5	266	404	109	239	5.41e-05	48.9
Q5R654.1	Q75C26.1	29.008	131	82	5	276	406	16	135	2.88e-06	52.4
Q5R654.1	Q75C26.1	24.280	243	157	10	168	403	2	224	0.002	43.5
Q5R654.1	A9V790.1	31.818	110	63	4	192	301	311	408	2.96e-06	52.8
Q5R654.1	A9V790.1	22.053	263	141	11	192	405	121	368	0.003	43.1
Q5R654.1	A9V790.1	21.000	200	131	8	218	413	98	274	0.024	40.4
Q5R654.1	Q4WT34.1	25.161	155	101	6	194	348	161	300	3.01e-06	52.8
Q5R654.1	Q4WT34.1	21.739	161	105	7	266	424	138	279	0.19	37.4
Q5R654.1	Q4WT34.1	28.676	136	78	7	170	302	180	299	0.25	37.0
Q5R654.1	Q4WT34.1	24.503	151	68	7	191	300	284	429	7.1	32.3
Q5R654.1	C4JPW9.1	29.730	185	95	9	189	352	216	386	3.12e-06	52.8
Q5R654.1	C4JPW9.1	23.404	235	131	10	120	327	194	406	0.001	44.7
Q5R654.1	C4JPW9.1	24.324	148	86	6	266	404	104	234	0.004	42.7
Q5R654.1	C4JPW9.1	25.455	165	103	6	192	348	125	277	0.32	37.0
Q5R654.1	B4GAJ1.1	26.875	160	99	8	188	345	119	262	3.15e-06	52.8
Q5R654.1	B4GAJ1.1	27.869	122	71	5	187	303	302	411	0.001	44.3
Q5R654.1	B4GAJ1.1	25.000	172	96	7	194	346	252	409	0.22	37.4
Q5R654.1	Q5RD06.1	26.882	186	114	8	192	370	159	329	3.16e-06	52.8
Q5R654.1	Q5RD06.1	23.204	181	116	8	222	402	14	171	0.013	41.2
Q5R654.1	Q5RD06.1	28.037	107	70	5	241	347	158	257	0.17	37.7
Q5R654.1	Q6GPU3.1	23.810	210	131	5	192	398	113	296	3.24e-06	53.1
Q5R654.1	Q6GPU3.1	19.048	294	175	11	164	417	134	404	0.20	37.7
Q5R654.1	Q6GPU3.1	27.000	100	65	3	172	269	312	405	0.68	35.8
Q5R654.1	Q6GPU3.1	24.286	140	96	5	224	361	274	405	1.5	35.0
Q5R654.1	P43033.2	26.282	156	96	8	192	345	123	261	3.29e-06	52.4
Q5R654.1	P43033.2	31.250	112	65	4	192	303	311	410	6.43e-06	51.6
Q5R654.1	P43033.2	25.714	175	97	6	191	346	206	366	1.01e-04	47.8
Q5R654.1	P43033.2	27.132	129	86	6	219	347	101	221	0.002	43.9
Q5R654.1	Q9P775.1	28.415	183	119	5	166	346	287	459	3.30e-06	52.8
Q5R654.1	Q9P775.1	25.749	167	91	6	271	407	253	416	0.002	43.9
Q5R654.1	A8XL02.2	26.923	182	119	6	168	348	278	446	3.36e-06	52.8
Q5R654.1	Q9SY00.1	26.210	248	148	13	171	413	80	297	3.42e-06	52.0
Q5R654.1	Q9SY00.1	28.467	137	80	6	268	404	39	157	1.04e-05	50.8
Q5R654.1	Q9SY00.1	24.091	220	107	8	172	345	124	329	5.10e-04	45.4
Q5R654.1	Q9VU65.1	27.273	154	97	6	192	345	159	297	3.53e-06	52.4
Q5R654.1	Q9VU65.1	21.138	246	148	9	190	406	31	259	7.23e-04	45.1
Q5R654.1	Q9VU65.1	25.874	143	81	7	270	409	16	136	0.004	43.1
Q5R654.1	Q5RB58.1	28.090	178	107	8	182	359	20	176	3.54e-06	52.0
Q5R654.1	O43172.2	27.374	179	113	9	168	345	315	477	3.56e-06	52.8
Q5R654.1	Q5NVD0.1	27.374	179	113	9	168	345	314	476	3.65e-06	52.8
Q5R654.1	G8SD34.1	29.193	161	100	6	192	348	527	677	3.71e-06	52.8
Q5R654.1	G8SD34.1	24.870	193	117	8	222	407	418	589	0.004	43.1
Q5R654.1	A1L271.1	28.571	224	120	14	186	402	164	354	3.73e-06	52.0
Q5R654.1	Q9VZF4.1	27.419	186	105	11	164	347	1025	1182	3.93e-06	52.8
Q5R654.1	Q9VZF4.1	32.990	97	53	5	252	347	977	1062	0.57	36.2
Q5R654.1	P41811.1	22.275	211	139	6	192	402	70	255	4.11e-06	52.8
Q5R654.1	P41811.1	26.946	167	108	6	191	355	111	265	0.035	40.0
Q5R654.1	Q9W5Z5.1	23.182	220	146	9	192	407	148	348	4.13e-06	52.4
Q5R654.1	Q9W5Z5.1	26.667	120	72	5	285	404	145	248	1.11e-04	47.8
Q5R654.1	B4HSL3.1	26.923	156	96	8	192	345	123	262	4.14e-06	52.4
Q5R654.1	B4HSL3.1	26.293	232	123	12	191	403	207	409	1.49e-05	50.4
Q5R654.1	B4HSL3.1	27.869	122	71	5	187	303	302	411	0.001	44.7
Q5R654.1	Q9JJ66.2	25.123	203	140	8	172	372	305	497	4.32e-06	52.4
Q5R654.1	Q9JJ66.2	29.114	158	96	9	189	345	194	336	0.001	45.1
Q5R654.1	Q9M2Z2.1	24.460	278	151	11	161	402	58	312	4.35e-06	51.6
Q5R654.1	Q9M2Z2.1	22.973	222	113	7	172	349	109	316	0.022	40.0
Q5R654.1	B8N9H4.2	28.125	192	102	8	192	361	217	394	4.44e-06	52.4
Q5R654.1	B8N9H4.2	26.277	137	85	5	268	404	111	231	1.93e-04	47.0
Q5R654.1	B8N9H4.2	24.444	225	139	9	192	402	130	337	0.001	44.3
Q5R654.1	B8N9H4.2	25.600	125	86	5	225	348	114	232	0.051	39.3
Q5R654.1	Q09855.2	27.174	184	113	10	174	356	301	464	4.55e-06	52.4
Q5R654.1	Q09855.2	24.084	191	123	7	161	348	206	377	0.13	38.1
Q5R654.1	Q09855.2	23.770	122	73	5	283	404	229	330	1.1	35.0
Q5R654.1	Q9PTR5.3	32.143	112	64	4	192	303	311	410	4.56e-06	52.0
Q5R654.1	Q9PTR5.3	25.161	155	99	7	192	345	123	261	5.16e-06	52.0
Q5R654.1	Q9PTR5.3	21.983	232	133	8	191	403	206	408	5.10e-05	48.9
Q5R654.1	Q9PTR5.3	26.357	129	87	6	219	347	101	221	0.003	43.1
Q5R654.1	Q8BHD1.1	29.775	178	107	10	171	347	55	215	4.66e-06	52.4
Q5R654.1	Q8BHD1.1	28.571	154	95	7	192	345	159	297	1.30e-05	50.8
Q5R654.1	Q8BHD1.1	23.204	181	116	8	222	402	14	171	0.054	39.3
Q5R654.1	Q6CMA2.1	26.733	202	116	10	241	426	27	212	5.07e-06	51.6
Q5R654.1	Q6CMA2.1	26.923	130	89	3	277	406	17	140	1.12e-05	50.4
Q5R654.1	Q6CMA2.1	23.830	235	157	10	129	351	60	284	0.046	39.3
Q5R654.1	B4JWA1.1	26.875	160	99	8	188	345	119	262	5.08e-06	52.0
Q5R654.1	B4JWA1.1	27.869	122	71	5	187	303	302	411	8.30e-04	45.1
Q5R654.1	B4JWA1.1	26.415	106	71	4	241	346	311	409	0.12	38.1
Q5R654.1	A1DP19.1	28.472	144	93	5	262	404	79	213	5.13e-06	52.0
Q5R654.1	A1DP19.1	29.570	186	95	9	185	349	191	361	5.36e-06	52.0
Q5R654.1	A1DP19.1	27.027	185	114	7	172	348	85	256	6.12e-05	48.5
Q5R654.1	Q5BE22.1	25.161	155	101	6	194	348	160	299	5.18e-06	52.0
Q5R654.1	Q5BE22.1	21.053	171	107	7	243	404	105	256	0.042	39.7
Q5R654.1	Q5BE22.1	29.412	153	88	8	170	319	179	314	0.047	39.7
Q5R654.1	Q9DAW6.1	27.374	179	113	9	168	345	314	476	5.19e-06	52.0
Q5R654.1	Q6GPP0.2	23.256	172	123	6	173	340	248	414	5.23e-06	52.4
Q5R654.1	Q6GPP0.2	25.532	141	97	5	215	350	241	378	2.16e-04	47.0
Q5R654.1	Q6GPP0.2	24.324	148	83	6	272	405	150	282	1.3	35.0
Q5R654.1	Q9HAV0.3	30.864	162	93	8	191	349	156	301	5.39e-06	51.6
Q5R654.1	Q9GL51.3	31.250	112	65	4	192	303	311	410	5.89e-06	51.6
Q5R654.1	Q9GL51.3	25.000	156	98	8	192	345	123	261	1.33e-05	50.4
Q5R654.1	Q9GL51.3	25.143	175	98	6	191	346	206	366	1.84e-04	47.0
Q5R654.1	Q9GL51.3	27.132	129	86	6	219	347	101	221	0.002	43.9
Q5R654.1	B0LSW3.1	31.250	112	65	4	192	303	311	410	6.04e-06	51.6
Q5R654.1	B0LSW3.1	25.641	156	97	8	192	345	123	261	7.02e-06	51.6
Q5R654.1	B0LSW3.1	25.714	175	97	6	191	346	206	366	9.62e-05	47.8
Q5R654.1	B0LSW3.1	27.132	129	86	6	219	347	101	221	0.002	43.9
Q5R654.1	P43034.2	31.250	112	65	4	192	303	311	410	6.10e-06	51.6
Q5R654.1	P43034.2	25.641	156	97	8	192	345	123	261	6.84e-06	51.6
Q5R654.1	P43034.2	25.714	175	97	6	191	346	206	366	9.62e-05	47.8
Q5R654.1	P43034.2	27.132	129	86	6	219	347	101	221	0.002	43.9
Q5R654.1	Q5REG7.3	31.250	112	65	4	192	303	311	410	6.15e-06	51.6
Q5R654.1	Q5REG7.3	25.000	156	98	8	192	345	123	261	1.62e-05	50.4
Q5R654.1	Q5REG7.3	25.714	175	97	6	191	346	206	366	9.04e-05	48.1
Q5R654.1	Q5REG7.3	25.581	129	88	6	219	347	101	221	0.009	41.6
Q5R654.1	Q5ZLG9.1	26.471	170	114	7	181	349	64	223	6.16e-06	52.4
Q5R654.1	Q5ZLG9.1	28.472	144	87	5	172	312	101	231	1.59e-04	47.8
Q5R654.1	Q5ZLG9.1	19.704	203	138	6	208	402	34	219	0.014	41.6
Q5R654.1	B3RNR8.1	24.231	260	167	10	158	407	73	312	6.17e-06	51.2
Q5R654.1	Q6H8D6.2	22.275	211	138	6	192	402	72	256	6.43e-06	52.0
Q5R654.1	Q6H8D6.2	26.087	138	90	4	172	308	138	264	0.097	38.9
Q5R654.1	Q9NW82.1	23.837	172	122	7	173	340	280	446	6.47e-06	52.0
Q5R654.1	Q9NW82.1	23.288	146	98	6	215	352	273	412	0.020	40.8
Q5R654.1	Q9NW82.1	24.823	141	89	5	272	404	182	313	7.8	32.3
Q5R654.1	Q6NZH4.3	26.286	175	96	7	191	346	206	366	6.66e-06	51.6
Q5R654.1	Q6NZH4.3	31.250	112	65	4	192	303	311	410	7.67e-06	51.2
Q5R654.1	Q6NZH4.3	25.000	156	98	8	192	345	123	261	1.08e-05	50.8
Q5R654.1	Q6NZH4.3	26.357	129	87	6	219	347	101	221	0.002	43.5
Q5R654.1	Q8HXX0.3	31.250	112	65	4	192	303	311	410	6.66e-06	51.6
Q5R654.1	Q8HXX0.3	25.641	156	97	8	192	345	123	261	2.04e-05	50.1
Q5R654.1	Q8HXX0.3	26.286	175	96	6	191	346	206	366	5.52e-05	48.5
Q5R654.1	B0XM00.1	28.472	144	93	5	262	404	105	239	6.71e-06	51.6
Q5R654.1	B0XM00.1	28.495	186	97	9	185	349	217	387	6.46e-05	48.5
Q5R654.1	B0XM00.1	27.027	185	114	7	172	348	111	282	9.09e-05	48.1
Q5R654.1	Q5IS43.3	25.641	156	97	8	192	345	123	261	6.72e-06	51.6
Q5R654.1	Q5IS43.3	30.357	112	66	4	192	303	311	410	3.17e-05	49.3
Q5R654.1	Q5IS43.3	25.714	175	97	6	191	346	206	366	8.96e-05	48.1
Q5R654.1	Q5IS43.3	27.132	129	86	6	219	347	101	221	0.002	44.3
Q5R654.1	D3ZW91.1	28.662	157	97	7	192	348	159	300	6.87e-06	51.6
Q5R654.1	D3ZW91.1	29.775	178	107	10	171	347	55	215	9.42e-06	51.2
Q5R654.1	D3ZW91.1	23.757	181	115	8	222	402	14	171	0.032	40.0
Q5R654.1	D1ZEM6.1	26.761	142	94	4	264	404	115	247	7.07e-06	51.6
Q5R654.1	D1ZEM6.1	26.380	163	104	6	192	348	138	290	0.002	44.3
Q5R654.1	D1ZEM6.1	25.397	189	100	8	189	352	229	401	0.003	43.5
Q5R654.1	D1ZEM6.1	21.656	157	94	5	191	327	274	421	0.005	42.4
Q5R654.1	Q7T394.3	25.806	155	98	7	192	345	123	261	7.15e-06	51.6
Q5R654.1	Q7T394.3	31.250	112	65	4	192	303	311	410	2.01e-05	50.1
Q5R654.1	Q7T394.3	26.705	176	94	8	191	346	206	366	7.59e-04	45.1
Q5R654.1	Q7T394.3	26.923	130	87	6	219	348	101	222	0.001	44.3
Q5R654.1	Q90ZL4.3	26.286	175	96	7	191	346	206	366	7.15e-06	51.6
Q5R654.1	Q90ZL4.3	31.250	112	65	4	192	303	311	410	8.23e-06	51.2
Q5R654.1	Q90ZL4.3	25.000	156	98	8	192	345	123	261	1.19e-05	50.8
Q5R654.1	Q90ZL4.3	27.132	129	86	6	219	347	101	221	0.001	44.3
